[2023-03-14 21:13:11,649] [DEBUG]: Receive初始化完成
[2023-03-14 21:13:11,650] [DEBUG]: 线程检查 2
[2023-03-14 21:13:11,650] [DEBUG]: 线程1 <_MainThread(MainThread, started 5360)>
[2023-03-14 21:13:11,650] [DEBUG]: 线程2 <Thread(IotServer_Listen, started daemon 9496)>
[2023-03-14 21:13:11,650] [DEBUG]: 线程检查结束
[2023-03-14 21:13:21,657] [DEBUG]: 线程检查 2
[2023-03-14 21:13:21,657] [DEBUG]: 线程1 <_MainThread(MainThread, started 5360)>
[2023-03-14 21:13:21,657] [DEBUG]: 线程2 <Thread(IotServer_Listen, started daemon 9496)>
[2023-03-14 21:13:21,657] [DEBUG]: 线程检查结束
[2023-03-14 21:13:31,672] [DEBUG]: 线程检查 2
[2023-03-14 21:13:31,672] [DEBUG]: 线程1 <_MainThread(MainThread, started 5360)>
[2023-03-14 21:13:31,672] [DEBUG]: 线程2 <Thread(IotServer_Listen, started daemon 9496)>
[2023-03-14 21:13:31,672] [DEBUG]: 线程检查结束
[2023-03-14 21:21:20,499] [DEBUG]: Receive初始化完成
[2023-03-14 21:21:20,500] [DEBUG]: 线程检查 2
[2023-03-14 21:21:20,500] [DEBUG]: 线程1 <_MainThread(MainThread, started 6800)>
[2023-03-14 21:21:20,500] [DEBUG]: 线程2 <Thread(IotServer_Listen, started daemon 4632)>
[2023-03-14 21:21:20,500] [DEBUG]: 线程检查结束
[2023-03-14 21:21:30,504] [DEBUG]: 线程检查 2
[2023-03-14 21:21:30,504] [DEBUG]: 线程1 <_MainThread(MainThread, started 6800)>
[2023-03-14 21:21:30,506] [DEBUG]: 线程2 <Thread(IotServer_Listen, started daemon 4632)>
[2023-03-14 21:21:30,506] [DEBUG]: 线程检查结束
[2023-03-14 21:21:40,521] [DEBUG]: 线程检查 2
[2023-03-14 21:21:40,521] [DEBUG]: 线程1 <_MainThread(MainThread, started 6800)>
[2023-03-14 21:21:40,521] [DEBUG]: 线程2 <Thread(IotServer_Listen, started daemon 4632)>
[2023-03-14 21:21:40,521] [DEBUG]: 线程检查结束
[2023-03-14 21:21:50,522] [DEBUG]: 线程检查 2
[2023-03-14 21:21:50,522] [DEBUG]: 线程1 <_MainThread(MainThread, started 6800)>
[2023-03-14 21:21:50,523] [DEBUG]: 线程2 <Thread(IotServer_Listen, started daemon 4632)>
[2023-03-14 21:21:50,523] [DEBUG]: 线程检查结束
[2023-03-14 21:22:50,188] [DEBUG]: Receive初始化完成
[2023-03-14 21:22:50,189] [DEBUG]: 线程检查 2
[2023-03-14 21:22:50,189] [DEBUG]: 线程1 <_MainThread(MainThread, started 2600)>
[2023-03-14 21:22:50,189] [DEBUG]: 线程2 <Thread(IotServer_Listen, started daemon 13152)>
[2023-03-14 21:22:50,189] [DEBUG]: 线程检查结束
[2023-03-14 21:23:00,189] [DEBUG]: 线程检查 2
[2023-03-14 21:23:00,189] [DEBUG]: 线程1 <_MainThread(MainThread, started 2600)>
[2023-03-14 21:23:00,189] [DEBUG]: 线程2 <Thread(IotServer_Listen, started daemon 13152)>
[2023-03-14 21:23:00,189] [DEBUG]: 线程检查结束
[2023-03-14 21:23:10,200] [DEBUG]: 线程检查 2
[2023-03-14 21:23:10,200] [DEBUG]: 线程1 <_MainThread(MainThread, started 2600)>
[2023-03-14 21:23:10,200] [DEBUG]: 线程2 <Thread(IotServer_Listen, started daemon 13152)>
[2023-03-14 21:23:10,200] [DEBUG]: 线程检查结束
[2023-03-14 21:23:20,200] [DEBUG]: 线程检查 2
[2023-03-14 21:23:20,200] [DEBUG]: 线程1 <_MainThread(MainThread, started 2600)>
[2023-03-14 21:23:20,200] [DEBUG]: 线程2 <Thread(IotServer_Listen, started daemon 13152)>
[2023-03-14 21:23:20,200] [DEBUG]: 线程检查结束
[2023-03-14 21:23:30,208] [DEBUG]: 线程检查 2
[2023-03-14 21:23:30,208] [DEBUG]: 线程1 <_MainThread(MainThread, started 2600)>
[2023-03-14 21:23:30,208] [DEBUG]: 线程2 <Thread(IotServer_Listen, started daemon 13152)>
[2023-03-14 21:23:30,208] [DEBUG]: 线程检查结束
[2023-03-14 22:04:04,170] [DEBUG]: Receive初始化完成
[2023-03-14 22:04:04,171] [DEBUG]: 线程列表: 数量 5
[2023-03-14 22:04:04,172] [DEBUG]: 线程1 <_MainThread(MainThread, started 4624)>
[2023-03-14 22:04:04,172] [DEBUG]: 线程2 <WriterThread(pydevd.Writer, started daemon 12332)>
[2023-03-14 22:04:04,172] [DEBUG]: 线程3 <ReaderThread(pydevd.Reader, started daemon 11668)>
[2023-03-14 22:04:04,173] [DEBUG]: 线程4 <PyDBCommandThread(pydevd.CommandThread, started daemon 3340)>
[2023-03-14 22:04:04,173] [DEBUG]: 线程5 <Thread(IotServer_Listen, started daemon 14676)>
[2023-03-14 22:04:04,173] [DEBUG]: 线程列表结束
[2023-03-14 22:04:04,174] [INFO]: 连接检查: 数量 0
[2023-03-14 22:04:04,174] [INFO]: 连接检查完成: 存活连接数量 0
[2023-03-14 22:04:10,030] [DEBUG]: Receive初始化完成
[2023-03-14 22:04:10,031] [DEBUG]: 线程列表: 数量 2
[2023-03-14 22:04:10,032] [DEBUG]: 线程1 <_MainThread(MainThread, started 12216)>
[2023-03-14 22:04:10,032] [DEBUG]: 线程2 <Thread(IotServer_Listen, started daemon 14420)>
[2023-03-14 22:04:10,032] [DEBUG]: 线程列表结束
[2023-03-14 22:04:10,032] [INFO]: 连接检查: 数量 0
[2023-03-14 22:04:10,032] [INFO]: 连接检查完成: 存活连接数量 0
[2023-03-14 22:04:20,034] [DEBUG]: 线程列表: 数量 2
[2023-03-14 22:04:20,034] [DEBUG]: 线程1 <_MainThread(MainThread, started 12216)>
[2023-03-14 22:04:20,034] [DEBUG]: 线程2 <Thread(IotServer_Listen, started daemon 14420)>
[2023-03-14 22:04:20,034] [DEBUG]: 线程列表结束
[2023-03-14 22:04:20,035] [INFO]: 连接检查: 数量 0
[2023-03-14 22:04:20,035] [INFO]: 连接检查完成: 存活连接数量 0
[2023-03-14 22:04:30,035] [DEBUG]: 线程列表: 数量 2
[2023-03-14 22:04:30,035] [DEBUG]: 线程1 <_MainThread(MainThread, started 12216)>
[2023-03-14 22:04:30,035] [DEBUG]: 线程2 <Thread(IotServer_Listen, started daemon 14420)>
[2023-03-14 22:04:30,035] [DEBUG]: 线程列表结束
[2023-03-14 22:04:30,035] [INFO]: 连接检查: 数量 0
[2023-03-14 22:04:30,035] [INFO]: 连接检查完成: 存活连接数量 0
[2023-03-14 22:08:24,191] [DEBUG]: Receive初始化完成
[2023-03-14 22:08:24,192] [DEBUG]: 线程列表: 数量 2
[2023-03-14 22:08:24,192] [DEBUG]: 线程1 <_MainThread(MainThread, started 9156)>
[2023-03-14 22:08:24,192] [DEBUG]: 线程2 <Thread(IotServer_Listen, started daemon 12356)>
[2023-03-14 22:08:24,192] [DEBUG]: 线程列表结束
[2023-03-14 22:08:24,192] [INFO]: 连接检查: 数量 0
[2023-03-14 22:08:24,192] [INFO]: 连接检查完成: 存活连接数量 0
[2023-03-14 22:09:23,985] [DEBUG]: Receive初始化完成
[2023-03-14 22:09:23,986] [DEBUG]: 线程列表: 数量 2
[2023-03-14 22:09:23,986] [DEBUG]: 线程1 <_MainThread(MainThread, started 2364)>
[2023-03-14 22:09:23,986] [DEBUG]: 线程2 <Thread(IotServer_Listen, started daemon 5060)>
[2023-03-14 22:09:23,986] [DEBUG]: 线程列表结束
[2023-03-14 22:09:23,986] [INFO]: 连接检查: 数量 0
[2023-03-14 22:09:23,986] [INFO]: 连接检查完成: 存活连接数量 0
[2023-03-14 22:10:31,607] [DEBUG]: Receive初始化完成
[2023-03-14 22:10:31,608] [DEBUG]: 线程列表: 数量 2
[2023-03-14 22:10:31,608] [DEBUG]: 线程1 <_MainThread(MainThread, started 2828)>
[2023-03-14 22:10:31,608] [DEBUG]: 线程2 <Thread(IotServer_Listen, started daemon 11196)>
[2023-03-14 22:10:31,608] [DEBUG]: 线程列表结束
[2023-03-14 22:10:31,609] [INFO]: 连接检查: 数量 0
[2023-03-14 22:10:31,609] [INFO]: 连接检查完成: 存活连接数量 0
[2023-03-14 22:10:41,615] [DEBUG]: 线程列表: 数量 2
[2023-03-14 22:10:41,615] [DEBUG]: 线程1 <_MainThread(MainThread, started 2828)>
[2023-03-14 22:10:41,615] [DEBUG]: 线程2 <Thread(IotServer_Listen, started daemon 11196)>
[2023-03-14 22:10:41,615] [DEBUG]: 线程列表结束
[2023-03-14 22:10:41,615] [INFO]: 连接检查: 数量 0
[2023-03-14 22:10:41,616] [INFO]: 连接检查完成: 存活连接数量 0
[2023-03-14 22:12:34,396] [DEBUG]: Receive初始化完成
[2023-03-14 22:12:34,397] [DEBUG]: 线程列表: 数量 2
[2023-03-14 22:12:34,397] [DEBUG]: 线程1 <_MainThread(MainThread, started 11116)>
[2023-03-14 22:12:34,397] [DEBUG]: 线程2 <Thread(IotServer_Listen, started daemon 9340)>
[2023-03-14 22:12:34,397] [DEBUG]: 线程列表结束
[2023-03-14 22:12:34,397] [INFO]: 连接检查: 数量 0
[2023-03-14 22:12:34,398] [ERROR]: 连接检查完成: 存活连接数量 0
[2023-03-14 22:13:42,935] [DEBUG]: Receive初始化完成
[2023-03-14 22:13:42,935] [DEBUG]: 线程列表: 数量 2
[2023-03-14 22:13:42,936] [DEBUG]: 线程1 <_MainThread(MainThread, started 5736)>
[2023-03-14 22:13:42,936] [DEBUG]: 线程2 <Thread(IotServer_Listen, started daemon 2976)>
[2023-03-14 22:13:42,936] [DEBUG]: 线程列表结束
[2023-03-14 22:13:42,936] [INFO]: 连接检查: 数量 0
[2023-03-14 22:13:42,936] [ERROR]: 连接检查完成: 存活连接数量 0
[2023-03-14 22:53:52,916] [DEBUG]: Receive初始化完成
[2023-03-14 22:53:52,917] [DEBUG]: 线程列表: 数量 2
[2023-03-14 22:53:52,917] [DEBUG]: 线程1 <_MainThread(MainThread, started 14436)>
[2023-03-14 22:53:52,917] [DEBUG]: 线程2 <Thread(IotServer_Listen, started daemon 13092)>
[2023-03-14 22:53:52,917] [DEBUG]: 线程列表结束
[2023-03-14 22:53:52,918] [INFO]: 连接检查: 数量 0
[2023-03-14 22:53:52,918] [ERROR]: 连接检查完成: 存活连接数量 0
[2023-03-14 22:54:58,830] [DEBUG]: Receive初始化完成
[2023-03-14 22:54:58,831] [DEBUG]: 线程列表: 数量 2
[2023-03-14 22:54:58,832] [DEBUG]: 线程1 <_MainThread(MainThread, started 9436)>
[2023-03-14 22:54:58,832] [DEBUG]: 线程2 <Thread(IotServer_Listen, started daemon 8224)>
[2023-03-14 22:54:58,832] [DEBUG]: 线程列表结束
[2023-03-14 22:54:58,832] [INFO]: 连接检查: 数量 0
[2023-03-14 22:54:58,832] [ERROR]: 连接检查完成: 存活连接数量 0
[2023-03-14 22:55:23,516] [DEBUG]: Receive初始化完成
[2023-03-14 22:55:23,517] [DEBUG]: 线程列表: 数量 2
[2023-03-14 22:55:23,517] [DEBUG]: 线程1 <_MainThread(MainThread, started 4388)>
[2023-03-14 22:55:23,517] [DEBUG]: 线程2 <Thread(IotServer_Listen, started daemon 9504)>
[2023-03-14 22:55:23,517] [DEBUG]: 线程列表结束
[2023-03-14 22:55:23,517] [INFO]: 连接检查: 数量 0
[2023-03-14 22:55:23,518] [ERROR]: 连接检查完成: 存活连接数量 0
[2023-03-14 22:56:04,716] [DEBUG]: Receive初始化完成
[2023-03-14 22:56:04,716] [DEBUG]: 线程列表: 数量 2
[2023-03-14 22:56:04,717] [DEBUG]: 线程1 <_MainThread(MainThread, started 476)>
[2023-03-14 22:56:04,717] [DEBUG]: 线程2 <Thread(IotServer_Listen, started daemon 5280)>
[2023-03-14 22:56:04,717] [DEBUG]: 线程列表结束
[2023-03-14 22:56:04,717] [INFO]: 连接检查: 数量 0
[2023-03-14 22:56:04,717] [ERROR]: 连接检查完成: 存活连接数量 0
[2023-03-14 22:57:28,107] [DEBUG]: Receive初始化完成
[2023-03-14 22:57:28,108] [DEBUG]: 线程列表: 数量 2
[2023-03-14 22:57:28,108] [DEBUG]: 线程1 <_MainThread(MainThread, started 7100)>
[2023-03-14 22:57:28,108] [DEBUG]: 线程2 <Thread(IotServer_Listen, started daemon 4396)>
[2023-03-14 22:57:28,108] [DEBUG]: 线程列表结束
[2023-03-14 22:57:28,108] [INFO]: 连接检查: 数量 0
[2023-03-14 22:57:38,302] [DEBUG]: Receive初始化完成
[2023-03-14 22:57:38,302] [DEBUG]: 线程列表: 数量 2
[2023-03-14 22:57:38,303] [DEBUG]: 线程1 <_MainThread(MainThread, started 4996)>
[2023-03-14 22:57:38,303] [DEBUG]: 线程2 <Thread(IotServer_Listen, started daemon 5376)>
[2023-03-14 22:57:38,303] [DEBUG]: 线程列表结束
[2023-03-14 22:57:38,303] [INFO]: 连接检查: 数量 0
[2023-03-14 22:57:38,303] [ERROR]: 连接检查完成: 存活连接数量 0
[2023-03-14 22:58:07,759] [DEBUG]: Receive初始化完成
[2023-03-14 22:58:07,760] [DEBUG]: 线程列表: 数量 2
[2023-03-14 22:58:07,760] [DEBUG]: 线程1 <_MainThread(MainThread, started 11548)>
[2023-03-14 22:58:07,760] [DEBUG]: 线程2 <Thread(IotServer_Listen, started daemon 14152)>
[2023-03-14 22:58:07,760] [DEBUG]: 线程列表结束
[2023-03-14 22:58:07,760] [INFO]: 连接检查: 数量 0
[2023-03-14 22:58:07,761] [ERROR]: 连接检查完成: 存活连接数量 0
[2023-03-14 22:59:45,718] [DEBUG]: Receive初始化完成
[2023-03-14 22:59:45,719] [DEBUG]: 线程列表: 数量 2
[2023-03-14 22:59:45,719] [DEBUG]: 线程1 <_MainThread(MainThread, started 9328)>
[2023-03-14 22:59:45,719] [DEBUG]: 线程2 <Thread(IotServer_Listen, started daemon 11716)>
[2023-03-14 22:59:45,720] [DEBUG]: 线程列表结束
[2023-03-14 22:59:45,720] [INFO]: 连接检查: 数量 0
[2023-03-14 22:59:45,720] [ERROR]: 连接检查完成: 存活连接数量 0
[2023-03-14 23:01:51,851] [DEBUG]: Receive初始化完成
[2023-03-14 23:01:51,851] [DEBUG]: 线程列表: 数量 2
[2023-03-14 23:01:51,852] [DEBUG]: 线程1 <_MainThread(MainThread, started 2536)>
[2023-03-14 23:01:51,852] [DEBUG]: 线程2 <Thread(IotServer_Listen, started daemon 6944)>
[2023-03-14 23:01:51,852] [DEBUG]: 线程列表结束
[2023-03-14 23:01:51,852] [INFO]: 连接检查: 数量 0
[2023-03-14 23:01:51,853] [WARNING]: 连接检查完成: 存活连接数量 0
[2023-03-14 23:02:01,867] [DEBUG]: 线程列表: 数量 2
[2023-03-14 23:02:01,867] [DEBUG]: 线程1 <_MainThread(MainThread, started 2536)>
[2023-03-14 23:02:01,867] [DEBUG]: 线程2 <Thread(IotServer_Listen, started daemon 6944)>
[2023-03-14 23:02:01,867] [DEBUG]: 线程列表结束
[2023-03-14 23:02:01,867] [INFO]: 连接检查: 数量 0
[2023-03-14 23:02:01,867] [WARNING]: 连接检查完成: 存活连接数量 0
[2023-03-14 23:02:12,533] [DEBUG]: Receive初始化完成
[2023-03-14 23:02:12,534] [DEBUG]: 线程列表: 数量 2
[2023-03-14 23:02:12,534] [DEBUG]: 线程1 <_MainThread(MainThread, started 6904)>
[2023-03-14 23:02:12,534] [DEBUG]: 线程2 <Thread(IotServer_Listen, started daemon 14632)>
[2023-03-14 23:02:12,534] [DEBUG]: 线程列表结束
[2023-03-14 23:02:12,535] [INFO]: 连接检查: 数量 0
[2023-03-14 23:02:12,535] [WARNING]: 连接检查完成: 存活连接数量 0
[2023-03-14 23:02:39,999] [DEBUG]: Receive初始化完成
[2023-03-14 23:02:40,000] [DEBUG]: 线程列表: 数量 2
[2023-03-14 23:02:40,000] [DEBUG]: 线程1 <_MainThread(MainThread, started 1540)>
[2023-03-14 23:02:40,000] [DEBUG]: 线程2 <Thread(IotServer_Listen, started daemon 14312)>
[2023-03-14 23:02:40,000] [DEBUG]: 线程列表结束
[2023-03-14 23:02:40,000] [INFO]: 连接检查: 数量 0
[2023-03-14 23:02:40,000] [WARNING]: 连接检查完成: 存活连接数量 0
[2023-03-14 23:02:50,012] [DEBUG]: 线程列表: 数量 2
[2023-03-14 23:02:50,012] [DEBUG]: 线程1 <_MainThread(MainThread, started 1540)>
[2023-03-14 23:02:50,012] [DEBUG]: 线程2 <Thread(IotServer_Listen, started daemon 14312)>
[2023-03-14 23:02:50,012] [DEBUG]: 线程列表结束
[2023-03-14 23:02:50,012] [INFO]: 连接检查: 数量 0
[2023-03-14 23:02:50,012] [WARNING]: 连接检查完成: 存活连接数量 0
[2023-03-14 23:02:50,199] [DEBUG]: Receive初始化完成
[2023-03-14 23:02:50,199] [DEBUG]: 线程列表: 数量 2
[2023-03-14 23:02:50,200] [DEBUG]: 线程1 <_MainThread(MainThread, started 12572)>
[2023-03-14 23:02:50,200] [DEBUG]: 线程2 <Thread(IotServer_Listen, started daemon 15088)>
[2023-03-14 23:02:50,200] [DEBUG]: 线程列表结束
[2023-03-14 23:02:50,200] [INFO]: 连接检查: 数量 0
[2023-03-14 23:02:50,200] [WARNING]: 连接检查完成: 存活连接数量 0
[2023-03-14 23:03:00,211] [DEBUG]: 线程列表: 数量 2
[2023-03-14 23:03:00,211] [DEBUG]: 线程1 <_MainThread(MainThread, started 12572)>
[2023-03-14 23:03:00,211] [DEBUG]: 线程2 <Thread(IotServer_Listen, started daemon 15088)>
[2023-03-14 23:03:00,211] [DEBUG]: 线程列表结束
[2023-03-14 23:03:00,211] [INFO]: 连接检查: 数量 0
[2023-03-14 23:03:00,212] [WARNING]: 连接检查完成: 存活连接数量 0
[2023-03-14 23:04:03,675] [DEBUG]: Receive初始化完成
[2023-03-14 23:04:03,676] [DEBUG]: 线程列表: 数量 2
[2023-03-14 23:04:03,676] [DEBUG]: 线程1 <_MainThread(MainThread, started 14004)>
[2023-03-14 23:04:03,676] [DEBUG]: 线程2 <Thread(IotServer_Listen, started daemon 10596)>
[2023-03-14 23:04:03,677] [DEBUG]: 线程列表结束
[2023-03-14 23:04:03,677] [INFO]: 连接检查: 数量 0
[2023-03-14 23:04:03,677] [WARNING]: 连接检查完成: 存活连接数量 0
[2023-03-14 23:06:59,412] [INFO]: Receive初始化完成
[2023-03-14 23:06:59,412] [INFO]: IotServer运行于: 0.0.0.0:12580
[2023-03-14 23:06:59,413] [DEBUG]: 线程列表: 数量 2
[2023-03-14 23:06:59,413] [DEBUG]: 线程1 <_MainThread(MainThread, started 5040)>
[2023-03-14 23:06:59,414] [DEBUG]: 线程2 <Thread(IotServer_Listen, started daemon 10656)>
[2023-03-14 23:06:59,414] [DEBUG]: 线程列表结束
[2023-03-14 23:06:59,414] [INFO]: 连接检查: 数量 0
[2023-03-14 23:06:59,414] [WARNING]: 连接检查完成: 存活连接数量 0
[2023-03-14 23:07:09,427] [DEBUG]: 线程列表: 数量 2
[2023-03-14 23:07:09,427] [DEBUG]: 线程1 <_MainThread(MainThread, started 5040)>
[2023-03-14 23:07:09,427] [DEBUG]: 线程2 <Thread(IotServer_Listen, started daemon 10656)>
[2023-03-14 23:07:09,428] [DEBUG]: 线程列表结束
[2023-03-14 23:07:09,428] [INFO]: 连接检查: 数量 0
[2023-03-14 23:07:09,428] [WARNING]: 连接检查完成: 存活连接数量 0
[2023-03-14 23:07:19,436] [DEBUG]: 线程列表: 数量 2
[2023-03-14 23:07:19,436] [DEBUG]: 线程1 <_MainThread(MainThread, started 5040)>
[2023-03-14 23:07:19,436] [DEBUG]: 线程2 <Thread(IotServer_Listen, started daemon 10656)>
[2023-03-14 23:07:19,436] [DEBUG]: 线程列表结束
[2023-03-14 23:07:19,437] [INFO]: 连接检查: 数量 0
[2023-03-14 23:07:19,437] [WARNING]: 连接检查完成: 存活连接数量 0
[2023-03-14 23:21:50,942] [INFO]: Receive初始化完成
[2023-03-14 23:21:50,942] [INFO]: IotServer运行于: 0.0.0.0:12580
[2023-03-14 23:21:50,943] [DEBUG]: 线程列表: 数量 2
[2023-03-14 23:21:50,943] [DEBUG]: 线程1 <_MainThread(MainThread, started 1468)>
[2023-03-14 23:21:50,943] [DEBUG]: 线程2 <Thread(IotServer_Listen, started daemon 14616)>
[2023-03-14 23:21:50,943] [DEBUG]: 线程列表结束
[2023-03-14 23:21:50,944] [INFO]: 连接检查: 数量 0
[2023-03-14 23:21:50,944] [INFO]: 连接检查完成: 存活连接数量 0
[2023-03-14 23:22:00,954] [DEBUG]: 线程列表: 数量 2
[2023-03-14 23:22:00,954] [DEBUG]: 线程1 <_MainThread(MainThread, started 1468)>
[2023-03-14 23:22:00,954] [DEBUG]: 线程2 <Thread(IotServer_Listen, started daemon 14616)>
[2023-03-14 23:22:00,954] [DEBUG]: 线程列表结束
[2023-03-14 23:22:00,955] [INFO]: 连接检查: 数量 0
[2023-03-14 23:22:00,955] [INFO]: 连接检查完成: 存活连接数量 0
[2023-03-14 23:22:10,966] [DEBUG]: 线程列表: 数量 2
[2023-03-14 23:22:10,967] [DEBUG]: 线程1 <_MainThread(MainThread, started 1468)>
[2023-03-14 23:22:10,967] [DEBUG]: 线程2 <Thread(IotServer_Listen, started daemon 14616)>
[2023-03-14 23:22:10,967] [DEBUG]: 线程列表结束
[2023-03-14 23:22:10,967] [INFO]: 连接检查: 数量 0
[2023-03-14 23:22:10,968] [INFO]: 连接检查完成: 存活连接数量 0
[2023-03-14 23:22:20,970] [DEBUG]: 线程列表: 数量 2
[2023-03-14 23:22:20,970] [DEBUG]: 线程1 <_MainThread(MainThread, started 1468)>
[2023-03-14 23:22:20,970] [DEBUG]: 线程2 <Thread(IotServer_Listen, started daemon 14616)>
[2023-03-14 23:22:20,970] [DEBUG]: 线程列表结束
[2023-03-14 23:22:20,970] [INFO]: 连接检查: 数量 0
[2023-03-14 23:22:20,971] [INFO]: 连接检查完成: 存活连接数量 0
[2023-03-14 23:22:30,973] [DEBUG]: 线程列表: 数量 2
[2023-03-14 23:22:30,973] [DEBUG]: 线程1 <_MainThread(MainThread, started 1468)>
[2023-03-14 23:22:30,973] [DEBUG]: 线程2 <Thread(IotServer_Listen, started daemon 14616)>
[2023-03-14 23:22:30,973] [DEBUG]: 线程列表结束
[2023-03-14 23:22:30,974] [INFO]: 连接检查: 数量 0
[2023-03-14 23:22:30,974] [INFO]: 连接检查完成: 存活连接数量 0
[2023-03-14 23:22:40,989] [DEBUG]: 线程列表: 数量 2
[2023-03-14 23:22:40,989] [DEBUG]: 线程1 <_MainThread(MainThread, started 1468)>
[2023-03-14 23:22:40,989] [DEBUG]: 线程2 <Thread(IotServer_Listen, started daemon 14616)>
[2023-03-14 23:22:40,990] [DEBUG]: 线程列表结束
[2023-03-14 23:22:40,990] [INFO]: 连接检查: 数量 0
[2023-03-14 23:22:40,990] [INFO]: 连接检查完成: 存活连接数量 0
[2023-03-14 23:22:50,995] [DEBUG]: 线程列表: 数量 2
[2023-03-14 23:22:50,995] [DEBUG]: 线程1 <_MainThread(MainThread, started 1468)>
[2023-03-14 23:22:50,995] [DEBUG]: 线程2 <Thread(IotServer_Listen, started daemon 14616)>
[2023-03-14 23:22:50,995] [DEBUG]: 线程列表结束
[2023-03-14 23:22:50,995] [INFO]: 连接检查: 数量 0
[2023-03-14 23:22:50,996] [INFO]: 连接检查完成: 存活连接数量 0
[2023-03-14 23:23:01,016] [DEBUG]: 线程列表: 数量 2
[2023-03-14 23:23:01,017] [DEBUG]: 线程1 <_MainThread(MainThread, started 1468)>
[2023-03-14 23:23:01,017] [DEBUG]: 线程2 <Thread(IotServer_Listen, started daemon 14616)>
[2023-03-14 23:23:01,017] [DEBUG]: 线程列表结束
[2023-03-14 23:23:01,017] [INFO]: 连接检查: 数量 0
[2023-03-14 23:23:01,019] [INFO]: 连接检查完成: 存活连接数量 0
[2023-03-14 23:23:11,024] [DEBUG]: 线程列表: 数量 2
[2023-03-14 23:23:11,024] [DEBUG]: 线程1 <_MainThread(MainThread, started 1468)>
[2023-03-14 23:23:11,025] [DEBUG]: 线程2 <Thread(IotServer_Listen, started daemon 14616)>
[2023-03-14 23:23:11,025] [DEBUG]: 线程列表结束
[2023-03-14 23:23:11,025] [INFO]: 连接检查: 数量 0
[2023-03-14 23:23:11,026] [INFO]: 连接检查完成: 存活连接数量 0
[2023-03-14 23:23:21,032] [DEBUG]: 线程列表: 数量 2
[2023-03-14 23:23:21,032] [DEBUG]: 线程1 <_MainThread(MainThread, started 1468)>
[2023-03-14 23:23:21,032] [DEBUG]: 线程2 <Thread(IotServer_Listen, started daemon 14616)>
[2023-03-14 23:23:21,033] [DEBUG]: 线程列表结束
[2023-03-14 23:23:21,033] [INFO]: 连接检查: 数量 0
[2023-03-14 23:23:21,033] [INFO]: 连接检查完成: 存活连接数量 0
[2023-03-14 23:23:31,048] [DEBUG]: 线程列表: 数量 2
[2023-03-14 23:23:31,048] [DEBUG]: 线程1 <_MainThread(MainThread, started 1468)>
[2023-03-14 23:23:31,048] [DEBUG]: 线程2 <Thread(IotServer_Listen, started daemon 14616)>
[2023-03-14 23:23:31,049] [DEBUG]: 线程列表结束
[2023-03-14 23:23:31,049] [INFO]: 连接检查: 数量 0
[2023-03-14 23:23:31,049] [INFO]: 连接检查完成: 存活连接数量 0
[2023-03-14 23:23:41,054] [DEBUG]: 线程列表: 数量 2
[2023-03-14 23:23:41,054] [DEBUG]: 线程1 <_MainThread(MainThread, started 1468)>
[2023-03-14 23:23:41,054] [DEBUG]: 线程2 <Thread(IotServer_Listen, started daemon 14616)>
[2023-03-14 23:23:41,055] [DEBUG]: 线程列表结束
[2023-03-14 23:23:41,055] [INFO]: 连接检查: 数量 0
[2023-03-14 23:23:41,055] [INFO]: 连接检查完成: 存活连接数量 0
[2023-03-14 23:23:51,056] [DEBUG]: 线程列表: 数量 2
[2023-03-14 23:23:51,056] [DEBUG]: 线程1 <_MainThread(MainThread, started 1468)>
[2023-03-14 23:23:51,056] [DEBUG]: 线程2 <Thread(IotServer_Listen, started daemon 14616)>
[2023-03-14 23:23:51,056] [DEBUG]: 线程列表结束
[2023-03-14 23:23:51,056] [INFO]: 连接检查: 数量 0
[2023-03-14 23:23:51,056] [INFO]: 连接检查完成: 存活连接数量 0
[2023-03-14 23:24:01,067] [DEBUG]: 线程列表: 数量 2
[2023-03-14 23:24:01,067] [DEBUG]: 线程1 <_MainThread(MainThread, started 1468)>
[2023-03-14 23:24:01,067] [DEBUG]: 线程2 <Thread(IotServer_Listen, started daemon 14616)>
[2023-03-14 23:24:01,067] [DEBUG]: 线程列表结束
[2023-03-14 23:24:01,067] [INFO]: 连接检查: 数量 0
[2023-03-14 23:24:01,068] [INFO]: 连接检查完成: 存活连接数量 0
[2023-03-14 23:24:11,084] [DEBUG]: 线程列表: 数量 2
[2023-03-14 23:24:11,084] [DEBUG]: 线程1 <_MainThread(MainThread, started 1468)>
[2023-03-14 23:24:11,084] [DEBUG]: 线程2 <Thread(IotServer_Listen, started daemon 14616)>
[2023-03-14 23:24:11,084] [DEBUG]: 线程列表结束
[2023-03-14 23:24:11,084] [INFO]: 连接检查: 数量 0
[2023-03-14 23:24:11,084] [INFO]: 连接检查完成: 存活连接数量 0
[2023-03-14 23:24:11,636] [INFO]: 与 127.0.0.1:54797 连接成功！
[2023-03-14 23:24:20,288] [DEBUG]: 接收成功 127.0.0.1:54797 -- b'5'
[2023-03-14 23:24:20,288] [ERROR]: 发送失败 127.0.0.1:54797 -- b'D:OK'
[2023-03-14 23:24:20,288] [WARNING]: 连接断开 127.0.0.1:54797 -- 'DataMsg' object has no attribute 'conn'
[2023-03-14 23:24:21,097] [DEBUG]: 线程列表: 数量 2
[2023-03-14 23:24:21,097] [DEBUG]: 线程1 <_MainThread(MainThread, started 1468)>
[2023-03-14 23:24:21,097] [DEBUG]: 线程2 <Thread(IotServer_Listen, started daemon 14616)>
[2023-03-14 23:24:21,098] [DEBUG]: 线程列表结束
[2023-03-14 23:24:21,098] [INFO]: 连接检查: 数量 1
[2023-03-14 23:25:59,283] [INFO]: Receive初始化完成
[2023-03-14 23:25:59,284] [INFO]: IotServer运行于: 0.0.0.0:12580
[2023-03-14 23:25:59,284] [DEBUG]: 线程列表: 数量 2
[2023-03-14 23:25:59,285] [DEBUG]: 线程1 <_MainThread(MainThread, started 7740)>
[2023-03-14 23:25:59,285] [DEBUG]: 线程2 <Thread(IotServer_Listen, started daemon 4932)>
[2023-03-14 23:25:59,285] [DEBUG]: 线程列表结束
[2023-03-14 23:25:59,285] [INFO]: 连接检查: 数量 0
[2023-03-14 23:25:59,285] [INFO]: 连接检查完成: 存活连接数量 0
[2023-03-14 23:26:02,243] [INFO]: 与 127.0.0.1:54799 连接成功！
[2023-03-14 23:26:05,269] [DEBUG]: 接收成功 127.0.0.1:54799 -- b'99'
[2023-03-14 23:26:05,269] [INFO]: 发送成功 127.0.0.1:54799 -- b'D:OK'
[2023-03-14 23:26:08,960] [DEBUG]: 接收成功 127.0.0.1:54799 -- b'999'
[2023-03-14 23:26:08,960] [INFO]: 发送成功 127.0.0.1:54799 -- b'D:OK'
[2023-03-14 23:26:09,290] [DEBUG]: 线程列表: 数量 3
[2023-03-14 23:26:09,290] [DEBUG]: 线程1 <_MainThread(MainThread, started 7740)>
[2023-03-14 23:26:09,290] [DEBUG]: 线程2 <Thread(IotServer_Listen, started daemon 4932)>
[2023-03-14 23:26:09,290] [DEBUG]: 线程3 <Thread(IotServer_Receive_127.0.0.1:54799, started daemon 13032)>
[2023-03-14 23:26:09,290] [DEBUG]: 线程列表结束
[2023-03-14 23:26:09,290] [INFO]: 连接检查: 数量 1
[2023-03-14 23:28:00,278] [INFO]: Receive初始化完成
[2023-03-14 23:28:00,278] [INFO]: IotServer运行于: 0.0.0.0:12580
[2023-03-14 23:28:00,278] [DEBUG]: 线程列表: 数量 2
[2023-03-14 23:28:00,279] [DEBUG]: 线程1 <_MainThread(MainThread, started 9884)>
[2023-03-14 23:28:00,279] [DEBUG]: 线程2 <Thread(IotServer_Listen, started daemon 3544)>
[2023-03-14 23:28:00,279] [DEBUG]: 线程列表结束
[2023-03-14 23:28:00,279] [INFO]: 连接检查: 数量 0
[2023-03-14 23:28:00,279] [INFO]: 连接检查完成: 存活连接数量 0
[2023-03-14 23:28:06,411] [INFO]: 与 127.0.0.1:54801 连接成功！
[2023-03-14 23:28:08,772] [DEBUG]: 接收成功 127.0.0.1:54801 -- b'9'
[2023-03-14 23:28:08,773] [INFO]: 发送成功 127.0.0.1:54801 -- b'D:OK'
[2023-03-14 23:28:09,453] [DEBUG]: 接收成功 127.0.0.1:54801 -- b'9'
[2023-03-14 23:28:09,454] [INFO]: 发送成功 127.0.0.1:54801 -- b'D:OK'
[2023-03-14 23:28:10,222] [DEBUG]: 接收成功 127.0.0.1:54801 -- b'9'
[2023-03-14 23:28:10,222] [INFO]: 发送成功 127.0.0.1:54801 -- b'D:OK'
[2023-03-14 23:28:10,292] [DEBUG]: 线程列表: 数量 3
[2023-03-14 23:28:10,292] [DEBUG]: 线程1 <_MainThread(MainThread, started 9884)>
[2023-03-14 23:28:10,292] [DEBUG]: 线程2 <Thread(IotServer_Listen, started daemon 3544)>
[2023-03-14 23:28:10,292] [DEBUG]: 线程3 <Thread(IotServer_Receive_127.0.0.1:54801, started daemon 6688)>
[2023-03-14 23:28:10,292] [DEBUG]: 线程列表结束
[2023-03-14 23:28:10,292] [INFO]: 连接检查: 数量 1
[2023-03-14 23:28:38,686] [INFO]: Receive初始化完成
[2023-03-14 23:28:38,686] [INFO]: IotServer运行于: 0.0.0.0:12580
[2023-03-14 23:28:38,687] [DEBUG]: 线程列表: 数量 2
[2023-03-14 23:28:38,687] [DEBUG]: 线程1 <_MainThread(MainThread, started 1512)>
[2023-03-14 23:28:38,687] [DEBUG]: 线程2 <Thread(IotServer_Listen, started daemon 5140)>
[2023-03-14 23:28:38,687] [DEBUG]: 线程列表结束
[2023-03-14 23:28:38,687] [INFO]: 连接检查: 数量 0
[2023-03-14 23:28:38,688] [INFO]: 连接检查完成: 存活连接数量 0
[2023-03-14 23:28:40,956] [INFO]: 与 127.0.0.1:54802 连接成功！
[2023-03-14 23:28:43,349] [DEBUG]: 接收成功 127.0.0.1:54802 -- b'99'
[2023-03-14 23:28:43,349] [INFO]: 发送成功 127.0.0.1:54802 -- b'D:OK'
[2023-03-14 23:28:44,533] [DEBUG]: 接收成功 127.0.0.1:54802 -- b'99'
[2023-03-14 23:28:44,533] [INFO]: 发送成功 127.0.0.1:54802 -- b'D:OK'
[2023-03-14 23:28:45,496] [DEBUG]: 接收成功 127.0.0.1:54802 -- b'99'
[2023-03-14 23:28:45,497] [INFO]: 发送成功 127.0.0.1:54802 -- b'D:OK'
[2023-03-14 23:28:46,500] [DEBUG]: 接收成功 127.0.0.1:54802 -- b'99'
[2023-03-14 23:28:46,500] [INFO]: 发送成功 127.0.0.1:54802 -- b'D:OK'
[2023-03-14 23:28:47,622] [DEBUG]: 接收成功 127.0.0.1:54802 -- b'99'
[2023-03-14 23:28:47,623] [INFO]: 发送成功 127.0.0.1:54802 -- b'D:OK'
[2023-03-14 23:28:48,693] [DEBUG]: 线程列表: 数量 3
[2023-03-14 23:28:48,693] [DEBUG]: 线程1 <_MainThread(MainThread, started 1512)>
[2023-03-14 23:28:48,693] [DEBUG]: 线程2 <Thread(IotServer_Listen, started daemon 5140)>
[2023-03-14 23:28:48,693] [DEBUG]: 线程3 <Thread(IotServer_Receive_127.0.0.1:54802, started daemon 13772)>
[2023-03-14 23:28:48,694] [DEBUG]: 线程列表结束
[2023-03-14 23:28:48,694] [INFO]: 连接检查: 数量 1
[2023-03-14 23:29:49,597] [INFO]: Receive初始化完成
[2023-03-14 23:29:49,597] [INFO]: IotServer运行于: 0.0.0.0:12580
[2023-03-14 23:29:49,598] [DEBUG]: 线程列表: 数量 2
[2023-03-14 23:29:49,598] [DEBUG]: 线程1 <_MainThread(MainThread, started 3056)>
[2023-03-14 23:29:49,598] [DEBUG]: 线程2 <Thread(IotServer_Listen, started daemon 3396)>
[2023-03-14 23:29:49,599] [DEBUG]: 线程列表结束
[2023-03-14 23:29:49,599] [INFO]: 连接检查: 数量 0
[2023-03-14 23:29:49,599] [INFO]: 连接检查完成: 存活连接数量 0
[2023-03-14 23:29:50,902] [INFO]: 与 127.0.0.1:54803 连接成功！
[2023-03-14 23:29:54,613] [DEBUG]: 接收成功 127.0.0.1:54803 -- b'kljdslajla'
[2023-03-14 23:29:54,613] [INFO]: 发送成功 127.0.0.1:54803 -- b'D:OK'
[2023-03-14 23:29:57,773] [DEBUG]: 接收成功 127.0.0.1:54803 -- b'\xe7\x88\xb1\xe4\xbb\x95\xe8\xbe\xbe\xe9\x82\xa3\xe7\x9c\x8b\xe6\x9d\xa5\xe8\xa7\x89\xe5\xbe\x97'
[2023-03-14 23:29:57,773] [INFO]: 发送成功 127.0.0.1:54803 -- b'D:OK'
[2023-03-14 23:29:59,603] [DEBUG]: 线程列表: 数量 3
[2023-03-14 23:29:59,603] [DEBUG]: 线程1 <_MainThread(MainThread, started 3056)>
[2023-03-14 23:29:59,603] [DEBUG]: 线程2 <Thread(IotServer_Listen, started daemon 3396)>
[2023-03-14 23:29:59,603] [DEBUG]: 线程3 <Thread(IotServer_Receive_127.0.0.1:54803, started daemon 5888)>
[2023-03-14 23:29:59,603] [DEBUG]: 线程列表结束
[2023-03-14 23:29:59,604] [INFO]: 连接检查: 数量 1
[2023-03-14 23:30:54,942] [INFO]: Receive初始化完成
[2023-03-14 23:30:54,942] [INFO]: IotServer运行于: 0.0.0.0:12580
[2023-03-14 23:30:54,943] [DEBUG]: 线程列表: 数量 2
[2023-03-14 23:30:54,943] [DEBUG]: 线程1 <_MainThread(MainThread, started 12856)>
[2023-03-14 23:30:54,943] [DEBUG]: 线程2 <Thread(IotServer_Listen, started daemon 10824)>
[2023-03-14 23:30:54,944] [DEBUG]: 线程列表结束
[2023-03-14 23:30:54,944] [INFO]: 连接检查: 数量 0
[2023-03-14 23:30:54,944] [INFO]: 连接检查完成: 存活连接数量 0
[2023-03-14 23:30:55,868] [INFO]: 与 127.0.0.1:54811 连接成功！
[2023-03-14 23:30:59,260] [DEBUG]: 接收成功 127.0.0.1:54811 -- b'jalskdjasdkla '
[2023-03-14 23:30:59,260] [INFO]: 发送成功 127.0.0.1:54811 -- b'D:OK'
[2023-03-14 23:31:01,258] [DEBUG]: 接收成功 127.0.0.1:54811 -- b'ahdfjklahdf '
[2023-03-14 23:31:01,259] [INFO]: 发送成功 127.0.0.1:54811 -- b'D:OK'
[2023-03-14 23:31:02,864] [DEBUG]: 接收成功 127.0.0.1:54811 -- b'akjdfhajkdfa'
[2023-03-14 23:31:02,865] [INFO]: 发送成功 127.0.0.1:54811 -- b'D:OK'
[2023-03-14 23:31:04,944] [DEBUG]: 线程列表: 数量 3
[2023-03-14 23:31:04,944] [DEBUG]: 线程1 <_MainThread(MainThread, started 12856)>
[2023-03-14 23:31:04,944] [DEBUG]: 线程2 <Thread(IotServer_Listen, started daemon 10824)>
[2023-03-14 23:31:04,944] [DEBUG]: 线程3 <Thread(IotServer_Receive_127.0.0.1:54811, started daemon 2000)>
[2023-03-14 23:31:04,944] [DEBUG]: 线程列表结束
[2023-03-14 23:31:04,944] [INFO]: 连接检查: 数量 1
[2023-03-14 23:31:04,945] [INFO]: 连接[127.0.0.1:54811]: 状态正常！
[2023-03-14 23:31:04,945] [INFO]: 连接检查完成: 存活连接数量 1
[2023-03-14 23:31:05,345] [DEBUG]: 接收成功 127.0.0.1:54811 -- b'adfhakjdf'
[2023-03-14 23:31:05,346] [INFO]: 发送成功 127.0.0.1:54811 -- b'D:OK'
[2023-03-14 23:31:08,519] [DEBUG]: 接收成功 127.0.0.1:54811 -- b'asdhfaehjfkasdjkasdkjfhakfha'
[2023-03-14 23:31:08,519] [INFO]: 发送成功 127.0.0.1:54811 -- b'D:OK'
[2023-03-14 23:31:09,892] [DEBUG]: 接收成功 127.0.0.1:54811 -- b'asfefasdfad'
[2023-03-14 23:31:09,892] [INFO]: 发送成功 127.0.0.1:54811 -- b'D:OK'
[2023-03-14 23:31:14,948] [DEBUG]: 线程列表: 数量 3
[2023-03-14 23:31:14,976] [DEBUG]: 线程1 <_MainThread(MainThread, started 12856)>
[2023-03-14 23:31:14,976] [DEBUG]: 线程2 <Thread(IotServer_Listen, started daemon 10824)>
[2023-03-14 23:31:14,976] [DEBUG]: 线程3 <Thread(IotServer_Receive_127.0.0.1:54811, started daemon 2000)>
[2023-03-14 23:31:14,976] [DEBUG]: 线程列表结束
[2023-03-14 23:31:14,976] [INFO]: 连接检查: 数量 1
[2023-03-14 23:31:14,976] [INFO]: 连接[127.0.0.1:54811]: 状态正常！
[2023-03-14 23:31:14,976] [INFO]: 连接检查完成: 存活连接数量 1
[2023-03-14 23:31:24,991] [DEBUG]: 线程列表: 数量 3
[2023-03-14 23:31:24,991] [DEBUG]: 线程1 <_MainThread(MainThread, started 12856)>
[2023-03-14 23:31:24,991] [DEBUG]: 线程2 <Thread(IotServer_Listen, started daemon 10824)>
[2023-03-14 23:31:24,991] [DEBUG]: 线程3 <Thread(IotServer_Receive_127.0.0.1:54811, started daemon 2000)>
[2023-03-14 23:31:24,991] [DEBUG]: 线程列表结束
[2023-03-14 23:31:24,991] [INFO]: 连接检查: 数量 1
[2023-03-14 23:31:24,992] [INFO]: 连接[127.0.0.1:54811]: 状态正常！
[2023-03-14 23:31:24,992] [INFO]: 连接检查完成: 存活连接数量 1
[2023-03-14 23:31:33,385] [ERROR]: 接收错误 127.0.0.1:54811 -- [WinError 10054] 远程主机强迫关闭了一个现有的连接。
[2023-03-14 23:31:34,994] [DEBUG]: 线程列表: 数量 2
[2023-03-14 23:31:34,994] [DEBUG]: 线程1 <_MainThread(MainThread, started 12856)>
[2023-03-14 23:31:34,994] [DEBUG]: 线程2 <Thread(IotServer_Listen, started daemon 10824)>
[2023-03-14 23:31:34,994] [DEBUG]: 线程列表结束
[2023-03-14 23:31:34,994] [INFO]: 连接检查: 数量 1
[2023-03-14 23:31:34,994] [WARNING]: 连接[127.0.0.1:54811]: 存活超时！
[2023-03-14 23:31:34,995] [INFO]: 连接[127.0.0.1:54811]: 存活检查……
[2023-03-14 23:31:34,995] [ERROR]: 发送失败 127.0.0.1:54811 -- b'D:OK'
[2023-03-14 23:31:34,995] [WARNING]: 连接断开 127.0.0.1:54811 -- [WinError 10054] 远程主机强迫关闭了一个现有的连接。
[2023-03-14 23:34:11,173] [INFO]: Receive初始化完成
[2023-03-14 23:34:11,173] [INFO]: IotServer运行于: 0.0.0.0:12580
[2023-03-14 23:34:11,174] [DEBUG]: 线程列表: 数量 2
[2023-03-14 23:34:11,174] [DEBUG]: 线程1 <_MainThread(MainThread, started 6348)>
[2023-03-14 23:34:11,174] [DEBUG]: 线程2 <Thread(IotServer_Listen, started daemon 11964)>
[2023-03-14 23:34:11,175] [DEBUG]: 线程列表结束
[2023-03-14 23:34:11,175] [INFO]: 连接检查: 数量 0
[2023-03-14 23:34:11,175] [INFO]: 连接检查完成: 存活连接数量 0
[2023-03-14 23:34:14,083] [INFO]: 与 127.0.0.1:54817 连接成功！
[2023-03-14 23:34:17,480] [DEBUG]: 接收成功 127.0.0.1:54817 -- b'995'
[2023-03-14 23:34:17,480] [INFO]: 发送成功 127.0.0.1:54817 -- b'D:OK'
[2023-03-14 23:34:19,648] [DEBUG]: 接收成功 127.0.0.1:54817 -- b'ajshdkahdakjd '
[2023-03-14 23:34:19,649] [INFO]: 发送成功 127.0.0.1:54817 -- b'D:OK'
[2023-03-14 23:34:21,038] [DEBUG]: 接收成功 127.0.0.1:54817 -- b'adsfjakjdf'
[2023-03-14 23:34:21,039] [INFO]: 发送成功 127.0.0.1:54817 -- b'D:OK'
[2023-03-14 23:34:21,190] [DEBUG]: 线程列表: 数量 3
[2023-03-14 23:34:21,190] [DEBUG]: 线程1 <_MainThread(MainThread, started 6348)>
[2023-03-14 23:34:21,190] [DEBUG]: 线程2 <Thread(IotServer_Listen, started daemon 11964)>
[2023-03-14 23:34:21,190] [DEBUG]: 线程3 <Thread(IotServer_Receive_127.0.0.1:54817, started daemon 1720)>
[2023-03-14 23:34:21,190] [DEBUG]: 线程列表结束
[2023-03-14 23:34:21,190] [INFO]: 连接检查: 数量 1
[2023-03-14 23:34:21,191] [INFO]: 连接[127.0.0.1:54817]: 状态正常！
[2023-03-14 23:34:21,191] [INFO]: 连接检查完成: 存活连接数量 1
[2023-03-14 23:34:31,206] [DEBUG]: 线程列表: 数量 3
[2023-03-14 23:34:31,206] [DEBUG]: 线程1 <_MainThread(MainThread, started 6348)>
[2023-03-14 23:34:31,207] [DEBUG]: 线程2 <Thread(IotServer_Listen, started daemon 11964)>
[2023-03-14 23:34:31,207] [DEBUG]: 线程3 <Thread(IotServer_Receive_127.0.0.1:54817, started daemon 1720)>
[2023-03-14 23:34:31,207] [DEBUG]: 线程列表结束
[2023-03-14 23:34:31,207] [INFO]: 连接检查: 数量 1
[2023-03-14 23:34:31,207] [INFO]: 连接[127.0.0.1:54817]: 状态正常！
[2023-03-14 23:34:31,208] [INFO]: 连接检查完成: 存活连接数量 1
[2023-03-14 23:34:41,216] [DEBUG]: 线程列表: 数量 3
[2023-03-14 23:34:41,216] [DEBUG]: 线程1 <_MainThread(MainThread, started 6348)>
[2023-03-14 23:34:41,216] [DEBUG]: 线程2 <Thread(IotServer_Listen, started daemon 11964)>
[2023-03-14 23:34:41,216] [DEBUG]: 线程3 <Thread(IotServer_Receive_127.0.0.1:54817, started daemon 1720)>
[2023-03-14 23:34:41,216] [DEBUG]: 线程列表结束
[2023-03-14 23:34:41,217] [INFO]: 连接检查: 数量 1
[2023-03-14 23:34:41,217] [WARNING]: 连接[127.0.0.1:54817]: 存活超时！
[2023-03-14 23:34:41,217] [INFO]: 连接[127.0.0.1:54817]: 存活检查……
[2023-03-14 23:34:41,217] [INFO]: 发送成功 127.0.0.1:54817 -- b'D:OK'
[2023-03-14 23:34:41,217] [INFO]: 连接[127.0.0.1:54817]: 状态正常！
[2023-03-14 23:34:41,217] [INFO]: 连接检查完成: 存活连接数量 1
[2023-03-14 23:34:47,148] [DEBUG]: 接收成功 127.0.0.1:54817 -- b'p'
[2023-03-14 23:34:47,148] [INFO]: 发送成功 127.0.0.1:54817 -- b'D:OK'
[2023-03-14 23:34:49,297] [DEBUG]: 接收成功 127.0.0.1:54817 -- b'['
[2023-03-14 23:34:49,298] [INFO]: 发送成功 127.0.0.1:54817 -- b'D:OK'
[2023-03-14 23:34:50,999] [DEBUG]: 接收成功 127.0.0.1:54817 -- b'['
[2023-03-14 23:34:50,999] [INFO]: 发送成功 127.0.0.1:54817 -- b'D:OK'
[2023-03-14 23:34:51,225] [DEBUG]: 线程列表: 数量 3
[2023-03-14 23:34:51,225] [DEBUG]: 线程1 <_MainThread(MainThread, started 6348)>
[2023-03-14 23:34:51,225] [DEBUG]: 线程2 <Thread(IotServer_Listen, started daemon 11964)>
[2023-03-14 23:34:51,225] [DEBUG]: 线程3 <Thread(IotServer_Receive_127.0.0.1:54817, started daemon 1720)>
[2023-03-14 23:34:51,226] [DEBUG]: 线程列表结束
[2023-03-14 23:34:51,226] [INFO]: 连接检查: 数量 1
[2023-03-14 23:34:51,226] [INFO]: 连接[127.0.0.1:54817]: 状态正常！
[2023-03-14 23:34:51,226] [INFO]: 连接检查完成: 存活连接数量 1
[2023-03-14 23:35:01,241] [DEBUG]: 线程列表: 数量 3
[2023-03-14 23:35:01,241] [DEBUG]: 线程1 <_MainThread(MainThread, started 6348)>
[2023-03-14 23:35:01,242] [DEBUG]: 线程2 <Thread(IotServer_Listen, started daemon 11964)>
[2023-03-14 23:35:01,242] [DEBUG]: 线程3 <Thread(IotServer_Receive_127.0.0.1:54817, started daemon 1720)>
[2023-03-14 23:35:01,242] [DEBUG]: 线程列表结束
[2023-03-14 23:35:01,242] [INFO]: 连接检查: 数量 1
[2023-03-14 23:35:01,242] [INFO]: 连接[127.0.0.1:54817]: 状态正常！
[2023-03-14 23:35:01,242] [INFO]: 连接检查完成: 存活连接数量 1
[2023-03-14 23:35:11,001] [ERROR]: 接收错误 127.0.0.1:54817 -- [WinError 10054] 远程主机强迫关闭了一个现有的连接。
[2023-03-14 23:35:11,246] [DEBUG]: 线程列表: 数量 2
[2023-03-14 23:35:11,246] [DEBUG]: 线程1 <_MainThread(MainThread, started 6348)>
[2023-03-14 23:35:11,246] [DEBUG]: 线程2 <Thread(IotServer_Listen, started daemon 11964)>
[2023-03-14 23:35:11,247] [DEBUG]: 线程列表结束
[2023-03-14 23:35:11,247] [INFO]: 连接检查: 数量 0
[2023-03-14 23:35:11,247] [INFO]: 连接检查完成: 存活连接数量 0
[2023-03-14 23:35:21,262] [DEBUG]: 线程列表: 数量 2
[2023-03-14 23:35:21,262] [DEBUG]: 线程1 <_MainThread(MainThread, started 6348)>
[2023-03-14 23:35:21,262] [DEBUG]: 线程2 <Thread(IotServer_Listen, started daemon 11964)>
[2023-03-14 23:35:21,262] [DEBUG]: 线程列表结束
[2023-03-14 23:35:21,262] [INFO]: 连接检查: 数量 0
[2023-03-14 23:35:21,263] [INFO]: 连接检查完成: 存活连接数量 0
[2023-03-14 23:35:31,276] [DEBUG]: 线程列表: 数量 2
[2023-03-14 23:35:31,276] [DEBUG]: 线程1 <_MainThread(MainThread, started 6348)>
[2023-03-14 23:35:31,276] [DEBUG]: 线程2 <Thread(IotServer_Listen, started daemon 11964)>
[2023-03-14 23:35:31,277] [DEBUG]: 线程列表结束
[2023-03-14 23:35:31,277] [INFO]: 连接检查: 数量 0
[2023-03-14 23:35:31,277] [INFO]: 连接检查完成: 存活连接数量 0
[2023-03-14 23:35:33,594] [INFO]: 与 127.0.0.1:54821 连接成功！
[2023-03-14 23:35:37,066] [DEBUG]: 接收成功 127.0.0.1:54821 -- b' '
[2023-03-14 23:35:37,067] [INFO]: 发送成功 127.0.0.1:54821 -- b'D:OK'
[2023-03-14 23:35:41,282] [DEBUG]: 线程列表: 数量 3
[2023-03-14 23:35:41,282] [DEBUG]: 线程1 <_MainThread(MainThread, started 6348)>
[2023-03-14 23:35:41,282] [DEBUG]: 线程2 <Thread(IotServer_Listen, started daemon 11964)>
[2023-03-14 23:35:41,283] [DEBUG]: 线程3 <Thread(IotServer_Receive_127.0.0.1:54821, started daemon 2012)>
[2023-03-14 23:35:41,283] [DEBUG]: 线程列表结束
[2023-03-14 23:35:41,283] [INFO]: 连接检查: 数量 1
[2023-03-14 23:35:41,283] [INFO]: 连接[127.0.0.1:54821]: 状态正常！
[2023-03-14 23:35:41,283] [INFO]: 连接检查完成: 存活连接数量 1
[2023-03-14 23:35:51,298] [DEBUG]: 线程列表: 数量 3
[2023-03-14 23:35:51,298] [DEBUG]: 线程1 <_MainThread(MainThread, started 6348)>
[2023-03-14 23:35:51,298] [DEBUG]: 线程2 <Thread(IotServer_Listen, started daemon 11964)>
[2023-03-14 23:35:51,299] [DEBUG]: 线程3 <Thread(IotServer_Receive_127.0.0.1:54821, started daemon 2012)>
[2023-03-14 23:35:51,299] [DEBUG]: 线程列表结束
[2023-03-14 23:35:51,299] [INFO]: 连接检查: 数量 1
[2023-03-14 23:35:51,299] [INFO]: 连接[127.0.0.1:54821]: 状态正常！
[2023-03-14 23:35:51,299] [INFO]: 连接检查完成: 存活连接数量 1
[2023-03-14 23:36:01,309] [DEBUG]: 线程列表: 数量 3
[2023-03-14 23:36:01,309] [DEBUG]: 线程1 <_MainThread(MainThread, started 6348)>
[2023-03-14 23:36:01,309] [DEBUG]: 线程2 <Thread(IotServer_Listen, started daemon 11964)>
[2023-03-14 23:36:01,309] [DEBUG]: 线程3 <Thread(IotServer_Receive_127.0.0.1:54821, started daemon 2012)>
[2023-03-14 23:36:01,310] [DEBUG]: 线程列表结束
[2023-03-14 23:36:01,310] [INFO]: 连接检查: 数量 1
[2023-03-14 23:36:01,310] [WARNING]: 连接[127.0.0.1:54821]: 存活超时！
[2023-03-14 23:36:01,310] [INFO]: 连接[127.0.0.1:54821]: 存活检查……
[2023-03-14 23:36:01,310] [INFO]: 发送成功 127.0.0.1:54821 -- b'D:OK'
[2023-03-14 23:36:01,310] [INFO]: 连接[127.0.0.1:54821]: 状态正常！
[2023-03-14 23:36:01,310] [INFO]: 连接检查完成: 存活连接数量 1
[2023-03-14 23:36:09,274] [WARNING]: 连接断开 127.0.0.1:54821
[2023-03-14 23:36:11,319] [DEBUG]: 线程列表: 数量 2
[2023-03-14 23:36:11,319] [DEBUG]: 线程1 <_MainThread(MainThread, started 6348)>
[2023-03-14 23:36:11,319] [DEBUG]: 线程2 <Thread(IotServer_Listen, started daemon 11964)>
[2023-03-14 23:36:11,319] [DEBUG]: 线程列表结束
[2023-03-14 23:36:11,319] [INFO]: 连接检查: 数量 0
[2023-03-14 23:36:11,320] [INFO]: 连接检查完成: 存活连接数量 0
[2023-03-14 23:36:21,322] [DEBUG]: 线程列表: 数量 2
[2023-03-14 23:36:21,322] [DEBUG]: 线程1 <_MainThread(MainThread, started 6348)>
[2023-03-14 23:36:21,322] [DEBUG]: 线程2 <Thread(IotServer_Listen, started daemon 11964)>
[2023-03-14 23:36:21,322] [DEBUG]: 线程列表结束
[2023-03-14 23:36:21,322] [INFO]: 连接检查: 数量 0
[2023-03-14 23:36:21,323] [INFO]: 连接检查完成: 存活连接数量 0
[2023-03-14 23:36:31,326] [DEBUG]: 线程列表: 数量 2
[2023-03-14 23:36:31,326] [DEBUG]: 线程1 <_MainThread(MainThread, started 6348)>
[2023-03-14 23:36:31,326] [DEBUG]: 线程2 <Thread(IotServer_Listen, started daemon 11964)>
[2023-03-14 23:36:31,327] [DEBUG]: 线程列表结束
[2023-03-14 23:36:31,327] [INFO]: 连接检查: 数量 0
[2023-03-14 23:36:31,327] [INFO]: 连接检查完成: 存活连接数量 0
[2023-03-14 23:36:41,337] [DEBUG]: 线程列表: 数量 2
[2023-03-14 23:36:41,337] [DEBUG]: 线程1 <_MainThread(MainThread, started 6348)>
[2023-03-14 23:36:41,337] [DEBUG]: 线程2 <Thread(IotServer_Listen, started daemon 11964)>
[2023-03-14 23:36:41,337] [DEBUG]: 线程列表结束
[2023-03-14 23:36:41,337] [INFO]: 连接检查: 数量 0
[2023-03-14 23:36:41,338] [INFO]: 连接检查完成: 存活连接数量 0
[2023-03-14 23:36:51,345] [DEBUG]: 线程列表: 数量 2
[2023-03-14 23:36:51,345] [DEBUG]: 线程1 <_MainThread(MainThread, started 6348)>
[2023-03-14 23:36:51,345] [DEBUG]: 线程2 <Thread(IotServer_Listen, started daemon 11964)>
[2023-03-14 23:36:51,346] [DEBUG]: 线程列表结束
[2023-03-14 23:36:51,346] [INFO]: 连接检查: 数量 0
[2023-03-14 23:36:51,346] [INFO]: 连接检查完成: 存活连接数量 0
[2023-03-14 23:37:01,352] [DEBUG]: 线程列表: 数量 2
[2023-03-14 23:37:01,352] [DEBUG]: 线程1 <_MainThread(MainThread, started 6348)>
[2023-03-14 23:37:01,352] [DEBUG]: 线程2 <Thread(IotServer_Listen, started daemon 11964)>
[2023-03-14 23:37:01,352] [DEBUG]: 线程列表结束
[2023-03-14 23:37:01,352] [INFO]: 连接检查: 数量 0
[2023-03-14 23:37:01,352] [INFO]: 连接检查完成: 存活连接数量 0
[2023-03-14 23:37:11,368] [DEBUG]: 线程列表: 数量 2
[2023-03-14 23:37:11,368] [DEBUG]: 线程1 <_MainThread(MainThread, started 6348)>
[2023-03-14 23:37:11,369] [DEBUG]: 线程2 <Thread(IotServer_Listen, started daemon 11964)>
[2023-03-14 23:37:11,369] [DEBUG]: 线程列表结束
[2023-03-14 23:37:11,369] [INFO]: 连接检查: 数量 0
[2023-03-14 23:37:11,369] [INFO]: 连接检查完成: 存活连接数量 0
[2023-03-14 23:37:19,686] [INFO]: 与 127.0.0.1:54825 连接成功！
[2023-03-14 23:37:21,369] [DEBUG]: 线程列表: 数量 3
[2023-03-14 23:37:21,369] [DEBUG]: 线程1 <_MainThread(MainThread, started 6348)>
[2023-03-14 23:37:21,369] [DEBUG]: 线程2 <Thread(IotServer_Listen, started daemon 11964)>
[2023-03-14 23:37:21,370] [DEBUG]: 线程3 <Thread(IotServer_Receive_127.0.0.1:54825, started daemon 14956)>
[2023-03-14 23:37:21,370] [DEBUG]: 线程列表结束
[2023-03-14 23:37:21,370] [INFO]: 连接检查: 数量 1
[2023-03-14 23:37:21,370] [INFO]: 连接[127.0.0.1:54825]: 状态正常！
[2023-03-14 23:37:21,370] [INFO]: 连接检查完成: 存活连接数量 1
[2023-03-14 23:37:23,695] [DEBUG]: 接收成功 127.0.0.1:54825 -- b'2'
[2023-03-14 23:37:23,696] [INFO]: 发送成功 127.0.0.1:54825 -- b'D:OK'
[2023-03-14 23:37:31,382] [DEBUG]: 线程列表: 数量 3
[2023-03-14 23:37:31,382] [DEBUG]: 线程1 <_MainThread(MainThread, started 6348)>
[2023-03-14 23:37:31,382] [DEBUG]: 线程2 <Thread(IotServer_Listen, started daemon 11964)>
[2023-03-14 23:37:31,382] [DEBUG]: 线程3 <Thread(IotServer_Receive_127.0.0.1:54825, started daemon 14956)>
[2023-03-14 23:37:31,383] [DEBUG]: 线程列表结束
[2023-03-14 23:37:31,383] [INFO]: 连接检查: 数量 1
[2023-03-14 23:37:31,383] [INFO]: 连接[127.0.0.1:54825]: 状态正常！
[2023-03-14 23:37:31,383] [INFO]: 连接检查完成: 存活连接数量 1
[2023-03-14 23:37:41,388] [DEBUG]: 线程列表: 数量 3
[2023-03-14 23:37:41,388] [DEBUG]: 线程1 <_MainThread(MainThread, started 6348)>
[2023-03-14 23:37:41,388] [DEBUG]: 线程2 <Thread(IotServer_Listen, started daemon 11964)>
[2023-03-14 23:37:41,389] [DEBUG]: 线程3 <Thread(IotServer_Receive_127.0.0.1:54825, started daemon 14956)>
[2023-03-14 23:37:41,389] [DEBUG]: 线程列表结束
[2023-03-14 23:37:41,389] [INFO]: 连接检查: 数量 1
[2023-03-14 23:37:41,389] [INFO]: 连接[127.0.0.1:54825]: 状态正常！
[2023-03-14 23:37:41,389] [INFO]: 连接检查完成: 存活连接数量 1
[2023-03-14 23:37:51,400] [DEBUG]: 线程列表: 数量 3
[2023-03-14 23:37:51,400] [DEBUG]: 线程1 <_MainThread(MainThread, started 6348)>
[2023-03-14 23:37:51,400] [DEBUG]: 线程2 <Thread(IotServer_Listen, started daemon 11964)>
[2023-03-14 23:37:51,400] [DEBUG]: 线程3 <Thread(IotServer_Receive_127.0.0.1:54825, started daemon 14956)>
[2023-03-14 23:37:51,400] [DEBUG]: 线程列表结束
[2023-03-14 23:37:51,401] [INFO]: 连接检查: 数量 1
[2023-03-14 23:37:51,401] [WARNING]: 连接[127.0.0.1:54825]: 存活超时！
[2023-03-14 23:37:51,401] [INFO]: 连接[127.0.0.1:54825]: 存活检查……
[2023-03-14 23:37:51,401] [INFO]: 发送成功 127.0.0.1:54825 -- b'D:OK'
[2023-03-14 23:37:51,401] [INFO]: 连接[127.0.0.1:54825]: 状态正常！
[2023-03-14 23:37:51,401] [INFO]: 连接检查完成: 存活连接数量 1
[2023-03-14 23:37:56,090] [WARNING]: 连接断开 127.0.0.1:54825
[2023-03-14 23:37:56,222] [INFO]: 与 127.0.0.1:54826 连接成功！
[2023-03-14 23:38:01,405] [DEBUG]: 线程列表: 数量 3
[2023-03-14 23:38:01,405] [DEBUG]: 线程1 <_MainThread(MainThread, started 6348)>
[2023-03-14 23:38:01,405] [DEBUG]: 线程2 <Thread(IotServer_Listen, started daemon 11964)>
[2023-03-14 23:38:01,405] [DEBUG]: 线程3 <Thread(IotServer_Receive_127.0.0.1:54826, started daemon 5028)>
[2023-03-14 23:38:01,405] [DEBUG]: 线程列表结束
[2023-03-14 23:38:01,406] [INFO]: 连接检查: 数量 1
[2023-03-14 23:38:01,406] [INFO]: 连接[127.0.0.1:54826]: 状态正常！
[2023-03-14 23:38:01,406] [INFO]: 连接检查完成: 存活连接数量 1
[2023-03-14 23:38:11,417] [DEBUG]: 线程列表: 数量 3
[2023-03-14 23:38:11,417] [DEBUG]: 线程1 <_MainThread(MainThread, started 6348)>
[2023-03-14 23:38:11,417] [DEBUG]: 线程2 <Thread(IotServer_Listen, started daemon 11964)>
[2023-03-14 23:38:11,417] [DEBUG]: 线程3 <Thread(IotServer_Receive_127.0.0.1:54826, started daemon 5028)>
[2023-03-14 23:38:11,417] [DEBUG]: 线程列表结束
[2023-03-14 23:38:11,418] [INFO]: 连接检查: 数量 1
[2023-03-14 23:38:11,418] [INFO]: 连接[127.0.0.1:54826]: 状态正常！
[2023-03-14 23:38:11,418] [INFO]: 连接检查完成: 存活连接数量 1
[2023-03-14 23:38:21,425] [DEBUG]: 线程列表: 数量 3
[2023-03-14 23:38:21,425] [DEBUG]: 线程1 <_MainThread(MainThread, started 6348)>
[2023-03-14 23:38:21,425] [DEBUG]: 线程2 <Thread(IotServer_Listen, started daemon 11964)>
[2023-03-14 23:38:21,425] [DEBUG]: 线程3 <Thread(IotServer_Receive_127.0.0.1:54826, started daemon 5028)>
[2023-03-14 23:38:21,425] [DEBUG]: 线程列表结束
[2023-03-14 23:38:21,426] [INFO]: 连接检查: 数量 1
[2023-03-14 23:38:21,426] [WARNING]: 连接[127.0.0.1:54826]: 存活超时！
[2023-03-14 23:38:21,426] [INFO]: 连接[127.0.0.1:54826]: 存活检查……
[2023-03-14 23:38:21,426] [INFO]: 发送成功 127.0.0.1:54826 -- b'D:OK'
[2023-03-14 23:38:21,426] [INFO]: 连接[127.0.0.1:54826]: 状态正常！
[2023-03-14 23:38:21,426] [INFO]: 连接检查完成: 存活连接数量 1
[2023-03-14 23:38:28,010] [WARNING]: 连接断开 127.0.0.1:54826
[2023-03-14 23:38:28,145] [INFO]: 与 127.0.0.1:54832 连接成功！
[2023-03-14 23:38:31,432] [DEBUG]: 线程列表: 数量 3
[2023-03-14 23:38:31,432] [DEBUG]: 线程1 <_MainThread(MainThread, started 6348)>
[2023-03-14 23:38:31,432] [DEBUG]: 线程2 <Thread(IotServer_Listen, started daemon 11964)>
[2023-03-14 23:38:31,432] [DEBUG]: 线程3 <Thread(IotServer_Receive_127.0.0.1:54832, started daemon 9700)>
[2023-03-14 23:38:31,432] [DEBUG]: 线程列表结束
[2023-03-14 23:38:31,432] [INFO]: 连接检查: 数量 1
[2023-03-14 23:38:31,433] [INFO]: 连接[127.0.0.1:54832]: 状态正常！
[2023-03-14 23:38:31,433] [INFO]: 连接检查完成: 存活连接数量 1
[2023-03-14 23:38:41,440] [DEBUG]: 线程列表: 数量 3
[2023-03-14 23:38:41,440] [DEBUG]: 线程1 <_MainThread(MainThread, started 6348)>
[2023-03-14 23:38:41,441] [DEBUG]: 线程2 <Thread(IotServer_Listen, started daemon 11964)>
[2023-03-14 23:38:41,441] [DEBUG]: 线程3 <Thread(IotServer_Receive_127.0.0.1:54832, started daemon 9700)>
[2023-03-14 23:38:41,441] [DEBUG]: 线程列表结束
[2023-03-14 23:38:41,441] [INFO]: 连接检查: 数量 1
[2023-03-14 23:38:41,442] [INFO]: 连接[127.0.0.1:54832]: 状态正常！
[2023-03-14 23:38:41,442] [INFO]: 连接检查完成: 存活连接数量 1
[2023-03-14 23:38:51,449] [DEBUG]: 线程列表: 数量 3
[2023-03-14 23:38:51,449] [DEBUG]: 线程1 <_MainThread(MainThread, started 6348)>
[2023-03-14 23:38:51,449] [DEBUG]: 线程2 <Thread(IotServer_Listen, started daemon 11964)>
[2023-03-14 23:38:51,449] [DEBUG]: 线程3 <Thread(IotServer_Receive_127.0.0.1:54832, started daemon 9700)>
[2023-03-14 23:38:51,449] [DEBUG]: 线程列表结束
[2023-03-14 23:38:51,449] [INFO]: 连接检查: 数量 1
[2023-03-14 23:38:51,450] [WARNING]: 连接[127.0.0.1:54832]: 存活超时！
[2023-03-14 23:38:51,450] [INFO]: 连接[127.0.0.1:54832]: 存活检查……
[2023-03-14 23:38:51,450] [INFO]: 发送成功 127.0.0.1:54832 -- b'D:OK'
[2023-03-14 23:38:51,450] [INFO]: 连接[127.0.0.1:54832]: 状态正常！
[2023-03-14 23:38:51,450] [INFO]: 连接检查完成: 存活连接数量 1
[2023-03-14 23:38:51,451] [WARNING]: 连接断开 127.0.0.1:54832
[2023-03-14 23:38:51,629] [INFO]: 与 127.0.0.1:54833 连接成功！
[2023-03-14 23:39:01,452] [DEBUG]: 线程列表: 数量 3
[2023-03-14 23:39:01,452] [DEBUG]: 线程1 <_MainThread(MainThread, started 6348)>
[2023-03-14 23:39:01,452] [DEBUG]: 线程2 <Thread(IotServer_Listen, started daemon 11964)>
[2023-03-14 23:39:01,452] [DEBUG]: 线程3 <Thread(IotServer_Receive_127.0.0.1:54833, started daemon 11968)>
[2023-03-14 23:39:01,452] [DEBUG]: 线程列表结束
[2023-03-14 23:39:01,452] [INFO]: 连接检查: 数量 1
[2023-03-14 23:39:01,452] [INFO]: 连接[127.0.0.1:54833]: 状态正常！
[2023-03-14 23:39:01,452] [INFO]: 连接检查完成: 存活连接数量 1
[2023-03-14 23:39:11,454] [DEBUG]: 线程列表: 数量 3
[2023-03-14 23:39:11,454] [DEBUG]: 线程1 <_MainThread(MainThread, started 6348)>
[2023-03-14 23:39:11,455] [DEBUG]: 线程2 <Thread(IotServer_Listen, started daemon 11964)>
[2023-03-14 23:39:11,455] [DEBUG]: 线程3 <Thread(IotServer_Receive_127.0.0.1:54833, started daemon 11968)>
[2023-03-14 23:39:11,455] [DEBUG]: 线程列表结束
[2023-03-14 23:39:11,456] [INFO]: 连接检查: 数量 1
[2023-03-14 23:39:11,456] [INFO]: 连接[127.0.0.1:54833]: 状态正常！
[2023-03-14 23:39:11,456] [INFO]: 连接检查完成: 存活连接数量 1
[2023-03-14 23:39:21,458] [DEBUG]: 线程列表: 数量 3
[2023-03-14 23:39:21,458] [DEBUG]: 线程1 <_MainThread(MainThread, started 6348)>
[2023-03-14 23:39:21,458] [DEBUG]: 线程2 <Thread(IotServer_Listen, started daemon 11964)>
[2023-03-14 23:39:21,458] [DEBUG]: 线程3 <Thread(IotServer_Receive_127.0.0.1:54833, started daemon 11968)>
[2023-03-14 23:39:21,458] [DEBUG]: 线程列表结束
[2023-03-14 23:39:21,459] [INFO]: 连接检查: 数量 1
[2023-03-14 23:39:21,459] [WARNING]: 连接[127.0.0.1:54833]: 存活超时！
[2023-03-14 23:39:21,459] [INFO]: 连接[127.0.0.1:54833]: 存活检查……
[2023-03-14 23:39:21,459] [INFO]: 发送成功 127.0.0.1:54833 -- b'D:OK'
[2023-03-14 23:39:21,459] [INFO]: 连接[127.0.0.1:54833]: 状态正常！
[2023-03-14 23:39:21,459] [INFO]: 连接检查完成: 存活连接数量 1
[2023-03-14 23:39:31,462] [DEBUG]: 线程列表: 数量 3
[2023-03-14 23:39:31,462] [DEBUG]: 线程1 <_MainThread(MainThread, started 6348)>
[2023-03-14 23:39:31,463] [DEBUG]: 线程2 <Thread(IotServer_Listen, started daemon 11964)>
[2023-03-14 23:39:31,463] [DEBUG]: 线程3 <Thread(IotServer_Receive_127.0.0.1:54833, started daemon 11968)>
[2023-03-14 23:39:31,463] [DEBUG]: 线程列表结束
[2023-03-14 23:39:31,463] [INFO]: 连接检查: 数量 1
[2023-03-14 23:39:31,463] [WARNING]: 连接[127.0.0.1:54833]: 存活超时！
[2023-03-14 23:39:31,463] [INFO]: 连接[127.0.0.1:54833]: 存活检查……
[2023-03-14 23:39:31,464] [INFO]: 发送成功 127.0.0.1:54833 -- b'D:OK'
[2023-03-14 23:39:31,464] [DEBUG]: 接收成功 127.0.0.1:54833 -- b'65656'
[2023-03-14 23:39:31,464] [INFO]: 连接[127.0.0.1:54833]: 状态正常！
[2023-03-14 23:39:31,464] [INFO]: 发送成功 127.0.0.1:54833 -- b'D:OK'
[2023-03-14 23:39:31,464] [INFO]: 连接检查完成: 存活连接数量 1
[2023-03-14 23:39:41,474] [DEBUG]: 线程列表: 数量 3
[2023-03-14 23:39:41,474] [DEBUG]: 线程1 <_MainThread(MainThread, started 6348)>
[2023-03-14 23:39:41,474] [DEBUG]: 线程2 <Thread(IotServer_Listen, started daemon 11964)>
[2023-03-14 23:39:41,474] [DEBUG]: 线程3 <Thread(IotServer_Receive_127.0.0.1:54833, started daemon 11968)>
[2023-03-14 23:39:41,475] [DEBUG]: 线程列表结束
[2023-03-14 23:39:41,475] [INFO]: 连接检查: 数量 1
[2023-03-14 23:39:41,475] [INFO]: 连接[127.0.0.1:54833]: 状态正常！
[2023-03-14 23:39:41,475] [INFO]: 连接检查完成: 存活连接数量 1
[2023-03-14 23:39:51,477] [DEBUG]: 线程列表: 数量 3
[2023-03-14 23:39:51,477] [DEBUG]: 线程1 <_MainThread(MainThread, started 6348)>
[2023-03-14 23:39:51,477] [DEBUG]: 线程2 <Thread(IotServer_Listen, started daemon 11964)>
[2023-03-14 23:39:51,477] [DEBUG]: 线程3 <Thread(IotServer_Receive_127.0.0.1:54833, started daemon 11968)>
[2023-03-14 23:39:51,478] [DEBUG]: 线程列表结束
[2023-03-14 23:39:51,478] [INFO]: 连接检查: 数量 1
[2023-03-14 23:39:51,478] [WARNING]: 连接[127.0.0.1:54833]: 存活超时！
[2023-03-14 23:39:51,478] [INFO]: 连接[127.0.0.1:54833]: 存活检查……
[2023-03-14 23:39:51,478] [INFO]: 发送成功 127.0.0.1:54833 -- b'D:OK'
[2023-03-14 23:39:51,478] [INFO]: 连接[127.0.0.1:54833]: 状态正常！
[2023-03-14 23:39:51,478] [INFO]: 连接检查完成: 存活连接数量 1
[2023-03-14 23:40:01,480] [DEBUG]: 线程列表: 数量 3
[2023-03-14 23:40:01,480] [DEBUG]: 线程1 <_MainThread(MainThread, started 6348)>
[2023-03-14 23:40:01,480] [DEBUG]: 线程2 <Thread(IotServer_Listen, started daemon 11964)>
[2023-03-14 23:40:01,481] [DEBUG]: 线程3 <Thread(IotServer_Receive_127.0.0.1:54833, started daemon 11968)>
[2023-03-14 23:40:01,481] [DEBUG]: 线程列表结束
[2023-03-14 23:40:01,481] [INFO]: 连接检查: 数量 1
[2023-03-14 23:40:01,481] [WARNING]: 连接[127.0.0.1:54833]: 存活超时！
[2023-03-14 23:40:01,481] [INFO]: 连接[127.0.0.1:54833]: 存活检查……
[2023-03-14 23:40:01,481] [INFO]: 发送成功 127.0.0.1:54833 -- b'D:OK'
[2023-03-14 23:40:01,482] [INFO]: 连接[127.0.0.1:54833]: 状态正常！
[2023-03-14 23:40:01,482] [INFO]: 连接检查完成: 存活连接数量 1
[2023-03-14 23:40:11,498] [DEBUG]: 线程列表: 数量 3
[2023-03-14 23:40:11,498] [DEBUG]: 线程1 <_MainThread(MainThread, started 6348)>
[2023-03-14 23:40:11,498] [DEBUG]: 线程2 <Thread(IotServer_Listen, started daemon 11964)>
[2023-03-14 23:40:11,498] [DEBUG]: 线程3 <Thread(IotServer_Receive_127.0.0.1:54833, started daemon 11968)>
[2023-03-14 23:40:11,498] [DEBUG]: 线程列表结束
[2023-03-14 23:40:11,498] [INFO]: 连接检查: 数量 1
[2023-03-14 23:40:11,498] [WARNING]: 连接[127.0.0.1:54833]: 存活超时！
[2023-03-14 23:40:11,498] [INFO]: 连接[127.0.0.1:54833]: 存活检查……
[2023-03-14 23:40:11,499] [INFO]: 发送成功 127.0.0.1:54833 -- b'D:OK'
[2023-03-14 23:40:11,499] [INFO]: 连接[127.0.0.1:54833]: 状态正常！
[2023-03-14 23:40:11,499] [INFO]: 连接检查完成: 存活连接数量 1
[2023-03-14 23:40:21,512] [DEBUG]: 线程列表: 数量 3
[2023-03-14 23:40:21,512] [DEBUG]: 线程1 <_MainThread(MainThread, started 6348)>
[2023-03-14 23:40:21,512] [DEBUG]: 线程2 <Thread(IotServer_Listen, started daemon 11964)>
[2023-03-14 23:40:21,513] [DEBUG]: 线程3 <Thread(IotServer_Receive_127.0.0.1:54833, started daemon 11968)>
[2023-03-14 23:40:21,513] [DEBUG]: 线程列表结束
[2023-03-14 23:40:21,513] [INFO]: 连接检查: 数量 1
[2023-03-14 23:40:21,513] [WARNING]: 连接[127.0.0.1:54833]: 存活超时！
[2023-03-14 23:40:21,513] [INFO]: 连接[127.0.0.1:54833]: 存活检查……
[2023-03-14 23:40:21,513] [INFO]: 发送成功 127.0.0.1:54833 -- b'D:OK'
[2023-03-14 23:40:21,514] [INFO]: 连接[127.0.0.1:54833]: 状态正常！
[2023-03-14 23:40:21,514] [DEBUG]: 接收成功 127.0.0.1:54833 -- b'656'
[2023-03-14 23:40:21,514] [INFO]: 连接检查完成: 存活连接数量 1
[2023-03-14 23:40:21,514] [INFO]: 发送成功 127.0.0.1:54833 -- b'D:OK'
[2023-03-14 23:40:31,526] [DEBUG]: 线程列表: 数量 3
[2023-03-14 23:40:31,526] [DEBUG]: 线程1 <_MainThread(MainThread, started 6348)>
[2023-03-14 23:40:31,526] [DEBUG]: 线程2 <Thread(IotServer_Listen, started daemon 11964)>
[2023-03-14 23:40:31,526] [DEBUG]: 线程3 <Thread(IotServer_Receive_127.0.0.1:54833, started daemon 11968)>
[2023-03-14 23:40:31,526] [DEBUG]: 线程列表结束
[2023-03-14 23:40:31,526] [INFO]: 连接检查: 数量 1
[2023-03-14 23:40:31,526] [INFO]: 连接[127.0.0.1:54833]: 状态正常！
[2023-03-14 23:40:31,526] [INFO]: 连接检查完成: 存活连接数量 1
[2023-03-14 23:40:32,697] [DEBUG]: 接收成功 127.0.0.1:54833 -- b'6'
[2023-03-14 23:40:32,697] [INFO]: 发送成功 127.0.0.1:54833 -- b'D:OK'
[2023-03-14 23:40:34,560] [DEBUG]: 接收成功 127.0.0.1:54833 -- b'6'
[2023-03-14 23:40:34,561] [INFO]: 发送成功 127.0.0.1:54833 -- b'D:OK'
[2023-03-14 23:40:35,802] [DEBUG]: 接收成功 127.0.0.1:54833 -- b'6'
[2023-03-14 23:40:35,802] [INFO]: 发送成功 127.0.0.1:54833 -- b'D:OK'
[2023-03-14 23:40:40,015] [DEBUG]: 接收成功 127.0.0.1:54833 -- b'test'
[2023-03-14 23:40:40,015] [INFO]: 发送成功 127.0.0.1:54833 -- b'D:OK'
[2023-03-14 23:40:41,535] [DEBUG]: 线程列表: 数量 3
[2023-03-14 23:40:41,535] [DEBUG]: 线程1 <_MainThread(MainThread, started 6348)>
[2023-03-14 23:40:41,535] [DEBUG]: 线程2 <Thread(IotServer_Listen, started daemon 11964)>
[2023-03-14 23:40:41,536] [DEBUG]: 线程3 <Thread(IotServer_Receive_127.0.0.1:54833, started daemon 11968)>
[2023-03-14 23:40:41,536] [DEBUG]: 线程列表结束
[2023-03-14 23:40:41,536] [INFO]: 连接检查: 数量 1
[2023-03-14 23:40:41,536] [INFO]: 连接[127.0.0.1:54833]: 状态正常！
[2023-03-14 23:40:41,536] [INFO]: 连接检查完成: 存活连接数量 1
[2023-03-14 23:40:51,540] [DEBUG]: 线程列表: 数量 3
[2023-03-14 23:40:51,540] [DEBUG]: 线程1 <_MainThread(MainThread, started 6348)>
[2023-03-14 23:40:51,541] [DEBUG]: 线程2 <Thread(IotServer_Listen, started daemon 11964)>
[2023-03-14 23:40:51,541] [DEBUG]: 线程3 <Thread(IotServer_Receive_127.0.0.1:54833, started daemon 11968)>
[2023-03-14 23:40:51,541] [DEBUG]: 线程列表结束
[2023-03-14 23:40:51,541] [INFO]: 连接检查: 数量 1
[2023-03-14 23:40:51,541] [INFO]: 连接[127.0.0.1:54833]: 状态正常！
[2023-03-14 23:40:51,541] [INFO]: 连接检查完成: 存活连接数量 1
[2023-03-14 23:41:01,557] [DEBUG]: 线程列表: 数量 3
[2023-03-14 23:41:01,557] [DEBUG]: 线程1 <_MainThread(MainThread, started 6348)>
[2023-03-14 23:41:01,557] [DEBUG]: 线程2 <Thread(IotServer_Listen, started daemon 11964)>
[2023-03-14 23:41:01,557] [DEBUG]: 线程3 <Thread(IotServer_Receive_127.0.0.1:54833, started daemon 11968)>
[2023-03-14 23:41:01,557] [DEBUG]: 线程列表结束
[2023-03-14 23:41:01,557] [INFO]: 连接检查: 数量 1
[2023-03-14 23:41:01,558] [WARNING]: 连接[127.0.0.1:54833]: 存活超时！
[2023-03-14 23:41:01,558] [INFO]: 连接[127.0.0.1:54833]: 存活检查……
[2023-03-14 23:41:01,558] [INFO]: 发送成功 127.0.0.1:54833 -- b'D:OK'
[2023-03-14 23:41:01,558] [INFO]: 连接[127.0.0.1:54833]: 状态正常！
[2023-03-14 23:41:01,558] [INFO]: 连接检查完成: 存活连接数量 1
[2023-03-14 23:41:11,570] [DEBUG]: 线程列表: 数量 3
[2023-03-14 23:41:11,570] [DEBUG]: 线程1 <_MainThread(MainThread, started 6348)>
[2023-03-14 23:41:11,570] [DEBUG]: 线程2 <Thread(IotServer_Listen, started daemon 11964)>
[2023-03-14 23:41:11,570] [DEBUG]: 线程3 <Thread(IotServer_Receive_127.0.0.1:54833, started daemon 11968)>
[2023-03-14 23:41:11,571] [DEBUG]: 线程列表结束
[2023-03-14 23:41:11,571] [INFO]: 连接检查: 数量 1
[2023-03-14 23:41:11,571] [WARNING]: 连接[127.0.0.1:54833]: 存活超时！
[2023-03-14 23:41:11,571] [INFO]: 连接[127.0.0.1:54833]: 存活检查……
[2023-03-14 23:41:11,571] [INFO]: 发送成功 127.0.0.1:54833 -- b'D:OK'
[2023-03-14 23:41:11,571] [INFO]: 连接[127.0.0.1:54833]: 状态正常！
[2023-03-14 23:41:11,571] [INFO]: 连接检查完成: 存活连接数量 1
[2023-03-14 23:41:15,404] [DEBUG]: 接收成功 127.0.0.1:54833 -- b'.'
[2023-03-14 23:41:15,404] [INFO]: 发送成功 127.0.0.1:54833 -- b'D:OK'
[2023-03-14 23:41:17,173] [DEBUG]: 接收成功 127.0.0.1:54833 -- b'.'
[2023-03-14 23:41:17,174] [INFO]: 发送成功 127.0.0.1:54833 -- b'D:OK'
[2023-03-14 23:41:18,266] [DEBUG]: 接收成功 127.0.0.1:54833 -- b'.'
[2023-03-14 23:41:18,267] [INFO]: 发送成功 127.0.0.1:54833 -- b'D:OK'
[2023-03-14 23:41:19,165] [DEBUG]: 接收成功 127.0.0.1:54833 -- b'.'
[2023-03-14 23:41:19,165] [INFO]: 发送成功 127.0.0.1:54833 -- b'D:OK'
[2023-03-14 23:41:19,783] [DEBUG]: 接收成功 127.0.0.1:54833 -- b'.'
[2023-03-14 23:41:19,783] [INFO]: 发送成功 127.0.0.1:54833 -- b'D:OK'
[2023-03-14 23:41:20,420] [DEBUG]: 接收成功 127.0.0.1:54833 -- b'.'
[2023-03-14 23:41:20,420] [INFO]: 发送成功 127.0.0.1:54833 -- b'D:OK'
[2023-03-14 23:41:21,019] [DEBUG]: 接收成功 127.0.0.1:54833 -- b'.'
[2023-03-14 23:41:21,019] [INFO]: 发送成功 127.0.0.1:54833 -- b'D:OK'
[2023-03-14 23:41:21,577] [DEBUG]: 线程列表: 数量 3
[2023-03-14 23:41:21,577] [DEBUG]: 线程1 <_MainThread(MainThread, started 6348)>
[2023-03-14 23:41:21,577] [DEBUG]: 线程2 <Thread(IotServer_Listen, started daemon 11964)>
[2023-03-14 23:41:21,577] [DEBUG]: 线程3 <Thread(IotServer_Receive_127.0.0.1:54833, started daemon 11968)>
[2023-03-14 23:41:21,578] [DEBUG]: 线程列表结束
[2023-03-14 23:41:21,578] [INFO]: 连接检查: 数量 1
[2023-03-14 23:41:21,578] [INFO]: 连接[127.0.0.1:54833]: 状态正常！
[2023-03-14 23:41:21,578] [INFO]: 连接检查完成: 存活连接数量 1
[2023-03-14 23:41:22,087] [DEBUG]: 接收成功 127.0.0.1:54833 -- b'...'
[2023-03-14 23:41:22,088] [INFO]: 发送成功 127.0.0.1:54833 -- b'D:OK'
[2023-03-14 23:41:23,042] [DEBUG]: 接收成功 127.0.0.1:54833 -- b'...'
[2023-03-14 23:41:23,042] [INFO]: 发送成功 127.0.0.1:54833 -- b'D:OK'
[2023-03-14 23:41:23,886] [DEBUG]: 接收成功 127.0.0.1:54833 -- b'...'
[2023-03-14 23:41:23,886] [INFO]: 发送成功 127.0.0.1:54833 -- b'D:OK'
[2023-03-14 23:41:24,730] [DEBUG]: 接收成功 127.0.0.1:54833 -- b'...'
[2023-03-14 23:41:24,731] [INFO]: 发送成功 127.0.0.1:54833 -- b'D:OK'
[2023-03-14 23:41:26,515] [DEBUG]: 接收成功 127.0.0.1:54833 -- b'........................'
[2023-03-14 23:41:26,515] [INFO]: 发送成功 127.0.0.1:54833 -- b'D:OK'
[2023-03-14 23:41:31,590] [DEBUG]: 线程列表: 数量 3
[2023-03-14 23:41:31,590] [DEBUG]: 线程1 <_MainThread(MainThread, started 6348)>
[2023-03-14 23:41:31,590] [DEBUG]: 线程2 <Thread(IotServer_Listen, started daemon 11964)>
[2023-03-14 23:41:31,590] [DEBUG]: 线程3 <Thread(IotServer_Receive_127.0.0.1:54833, started daemon 11968)>
[2023-03-14 23:41:31,591] [DEBUG]: 线程列表结束
[2023-03-14 23:41:31,591] [INFO]: 连接检查: 数量 1
[2023-03-14 23:41:31,591] [INFO]: 连接[127.0.0.1:54833]: 状态正常！
[2023-03-14 23:41:31,591] [INFO]: 连接检查完成: 存活连接数量 1
[2023-03-14 23:41:41,594] [DEBUG]: 线程列表: 数量 3
[2023-03-14 23:41:41,594] [DEBUG]: 线程1 <_MainThread(MainThread, started 6348)>
[2023-03-14 23:41:41,594] [DEBUG]: 线程2 <Thread(IotServer_Listen, started daemon 11964)>
[2023-03-14 23:41:41,594] [DEBUG]: 线程3 <Thread(IotServer_Receive_127.0.0.1:54833, started daemon 11968)>
[2023-03-14 23:41:41,594] [DEBUG]: 线程列表结束
[2023-03-14 23:41:41,594] [INFO]: 连接检查: 数量 1
[2023-03-14 23:41:41,595] [INFO]: 连接[127.0.0.1:54833]: 状态正常！
[2023-03-14 23:41:41,595] [INFO]: 连接检查完成: 存活连接数量 1
[2023-03-14 23:41:51,606] [DEBUG]: 线程列表: 数量 3
[2023-03-14 23:41:51,606] [DEBUG]: 线程1 <_MainThread(MainThread, started 6348)>
[2023-03-14 23:41:51,606] [DEBUG]: 线程2 <Thread(IotServer_Listen, started daemon 11964)>
[2023-03-14 23:41:51,606] [DEBUG]: 线程3 <Thread(IotServer_Receive_127.0.0.1:54833, started daemon 11968)>
[2023-03-14 23:41:51,606] [DEBUG]: 线程列表结束
[2023-03-14 23:41:51,607] [INFO]: 连接检查: 数量 1
[2023-03-14 23:41:51,607] [WARNING]: 连接[127.0.0.1:54833]: 存活超时！
[2023-03-14 23:41:51,607] [INFO]: 连接[127.0.0.1:54833]: 存活检查……
[2023-03-14 23:41:51,607] [INFO]: 发送成功 127.0.0.1:54833 -- b'D:OK'
[2023-03-14 23:41:51,607] [INFO]: 连接[127.0.0.1:54833]: 状态正常！
[2023-03-14 23:41:51,607] [INFO]: 连接检查完成: 存活连接数量 1
[2023-03-14 23:42:01,608] [DEBUG]: 线程列表: 数量 3
[2023-03-14 23:42:01,608] [DEBUG]: 线程1 <_MainThread(MainThread, started 6348)>
[2023-03-14 23:42:01,608] [DEBUG]: 线程2 <Thread(IotServer_Listen, started daemon 11964)>
[2023-03-14 23:42:01,609] [DEBUG]: 线程3 <Thread(IotServer_Receive_127.0.0.1:54833, started daemon 11968)>
[2023-03-14 23:42:01,609] [DEBUG]: 线程列表结束
[2023-03-14 23:42:01,609] [INFO]: 连接检查: 数量 1
[2023-03-14 23:42:01,609] [WARNING]: 连接[127.0.0.1:54833]: 存活超时！
[2023-03-14 23:42:01,609] [INFO]: 连接[127.0.0.1:54833]: 存活检查……
[2023-03-14 23:42:01,609] [INFO]: 发送成功 127.0.0.1:54833 -- b'D:OK'
[2023-03-14 23:42:01,610] [INFO]: 连接[127.0.0.1:54833]: 状态正常！
[2023-03-14 23:42:01,610] [INFO]: 连接检查完成: 存活连接数量 1
[2023-03-14 23:42:11,625] [DEBUG]: 线程列表: 数量 3
[2023-03-14 23:42:11,625] [DEBUG]: 线程1 <_MainThread(MainThread, started 6348)>
[2023-03-14 23:42:11,625] [DEBUG]: 线程2 <Thread(IotServer_Listen, started daemon 11964)>
[2023-03-14 23:42:11,626] [DEBUG]: 线程3 <Thread(IotServer_Receive_127.0.0.1:54833, started daemon 11968)>
[2023-03-14 23:42:11,626] [DEBUG]: 线程列表结束
[2023-03-14 23:42:11,626] [INFO]: 连接检查: 数量 1
[2023-03-14 23:42:11,626] [WARNING]: 连接[127.0.0.1:54833]: 存活超时！
[2023-03-14 23:42:11,626] [INFO]: 连接[127.0.0.1:54833]: 存活检查……
[2023-03-14 23:42:11,626] [INFO]: 发送成功 127.0.0.1:54833 -- b'D:OK'
[2023-03-14 23:42:11,627] [DEBUG]: 接收成功 127.0.0.1:54833 -- b"b''"
[2023-03-14 23:42:11,627] [INFO]: 连接[127.0.0.1:54833]: 状态正常！
[2023-03-14 23:42:11,627] [INFO]: 发送成功 127.0.0.1:54833 -- b'D:OK'
[2023-03-14 23:42:11,627] [INFO]: 连接检查完成: 存活连接数量 1
[2023-03-14 23:42:19,116] [DEBUG]: 接收成功 127.0.0.1:54833 -- b"b''"
[2023-03-14 23:42:19,117] [INFO]: 发送成功 127.0.0.1:54833 -- b'D:OK'
[2023-03-14 23:42:21,635] [DEBUG]: 线程列表: 数量 3
[2023-03-14 23:42:21,635] [DEBUG]: 线程1 <_MainThread(MainThread, started 6348)>
[2023-03-14 23:42:21,635] [DEBUG]: 线程2 <Thread(IotServer_Listen, started daemon 11964)>
[2023-03-14 23:42:21,635] [DEBUG]: 线程3 <Thread(IotServer_Receive_127.0.0.1:54833, started daemon 11968)>
[2023-03-14 23:42:21,635] [DEBUG]: 线程列表结束
[2023-03-14 23:42:21,635] [INFO]: 连接检查: 数量 1
[2023-03-14 23:42:21,635] [INFO]: 连接[127.0.0.1:54833]: 状态正常！
[2023-03-14 23:42:21,636] [INFO]: 连接检查完成: 存活连接数量 1
[2023-03-14 23:42:31,640] [DEBUG]: 线程列表: 数量 3
[2023-03-14 23:42:31,640] [DEBUG]: 线程1 <_MainThread(MainThread, started 6348)>
[2023-03-14 23:42:31,641] [DEBUG]: 线程2 <Thread(IotServer_Listen, started daemon 11964)>
[2023-03-14 23:42:31,641] [DEBUG]: 线程3 <Thread(IotServer_Receive_127.0.0.1:54833, started daemon 11968)>
[2023-03-14 23:42:31,641] [DEBUG]: 线程列表结束
[2023-03-14 23:42:31,641] [INFO]: 连接检查: 数量 1
[2023-03-14 23:42:31,642] [INFO]: 连接[127.0.0.1:54833]: 状态正常！
[2023-03-14 23:42:31,642] [INFO]: 连接检查完成: 存活连接数量 1
[2023-03-14 23:42:36,472] [WARNING]: 连接断开 127.0.0.1:54833
[2023-03-14 23:42:41,654] [DEBUG]: 线程列表: 数量 2
[2023-03-14 23:42:41,654] [DEBUG]: 线程1 <_MainThread(MainThread, started 6348)>
[2023-03-14 23:42:41,654] [DEBUG]: 线程2 <Thread(IotServer_Listen, started daemon 11964)>
[2023-03-14 23:42:41,655] [DEBUG]: 线程列表结束
[2023-03-14 23:42:41,655] [INFO]: 连接检查: 数量 0
[2023-03-14 23:42:41,655] [INFO]: 连接检查完成: 存活连接数量 0
[2023-03-14 23:42:51,669] [DEBUG]: 线程列表: 数量 2
[2023-03-14 23:42:51,669] [DEBUG]: 线程1 <_MainThread(MainThread, started 6348)>
[2023-03-14 23:42:51,669] [DEBUG]: 线程2 <Thread(IotServer_Listen, started daemon 11964)>
[2023-03-14 23:42:51,669] [DEBUG]: 线程列表结束
[2023-03-14 23:42:51,669] [INFO]: 连接检查: 数量 0
[2023-03-14 23:42:51,670] [INFO]: 连接检查完成: 存活连接数量 0
[2023-03-14 23:43:01,678] [DEBUG]: 线程列表: 数量 2
[2023-03-14 23:43:01,678] [DEBUG]: 线程1 <_MainThread(MainThread, started 6348)>
[2023-03-14 23:43:01,678] [DEBUG]: 线程2 <Thread(IotServer_Listen, started daemon 11964)>
[2023-03-14 23:43:01,678] [DEBUG]: 线程列表结束
[2023-03-14 23:43:01,679] [INFO]: 连接检查: 数量 0
[2023-03-14 23:43:01,679] [INFO]: 连接检查完成: 存活连接数量 0
[2023-03-14 23:43:11,682] [DEBUG]: 线程列表: 数量 2
[2023-03-14 23:43:11,682] [DEBUG]: 线程1 <_MainThread(MainThread, started 6348)>
[2023-03-14 23:43:11,682] [DEBUG]: 线程2 <Thread(IotServer_Listen, started daemon 11964)>
[2023-03-14 23:43:11,683] [DEBUG]: 线程列表结束
[2023-03-14 23:43:11,683] [INFO]: 连接检查: 数量 0
[2023-03-14 23:43:11,683] [INFO]: 连接检查完成: 存活连接数量 0
[2023-03-14 23:43:21,688] [DEBUG]: 线程列表: 数量 2
[2023-03-14 23:43:21,688] [DEBUG]: 线程1 <_MainThread(MainThread, started 6348)>
[2023-03-14 23:43:21,689] [DEBUG]: 线程2 <Thread(IotServer_Listen, started daemon 11964)>
[2023-03-14 23:43:21,689] [DEBUG]: 线程列表结束
[2023-03-14 23:43:21,689] [INFO]: 连接检查: 数量 0
[2023-03-14 23:43:21,689] [INFO]: 连接检查完成: 存活连接数量 0
[2023-03-14 23:43:31,701] [DEBUG]: 线程列表: 数量 2
[2023-03-14 23:43:31,701] [DEBUG]: 线程1 <_MainThread(MainThread, started 6348)>
[2023-03-14 23:43:31,701] [DEBUG]: 线程2 <Thread(IotServer_Listen, started daemon 11964)>
[2023-03-14 23:43:31,701] [DEBUG]: 线程列表结束
[2023-03-14 23:43:31,701] [INFO]: 连接检查: 数量 0
[2023-03-14 23:43:31,702] [INFO]: 连接检查完成: 存活连接数量 0
[2023-03-14 23:44:04,196] [INFO]: Receive初始化完成
[2023-03-14 23:44:04,196] [INFO]: IotServer运行于: 0.0.0.0:12580
[2023-03-14 23:44:04,197] [DEBUG]: 线程列表: 数量 2
[2023-03-14 23:44:04,197] [DEBUG]: 线程1 <_MainThread(MainThread, started 13420)>
[2023-03-14 23:44:04,197] [DEBUG]: 线程2 <Thread(IotServer_Listen, started daemon 7476)>
[2023-03-14 23:44:04,197] [DEBUG]: 线程列表结束
[2023-03-14 23:44:04,198] [INFO]: 连接检查: 数量 0
[2023-03-14 23:44:04,198] [INFO]: 连接检查完成: 存活连接数量 0
[2023-03-14 23:44:05,738] [INFO]: 与 127.0.0.1:54834 连接成功！
[2023-03-14 23:44:09,206] [DEBUG]: 线程列表: 数量 3
[2023-03-14 23:44:09,206] [DEBUG]: 线程1 <_MainThread(MainThread, started 13420)>
[2023-03-14 23:44:09,206] [DEBUG]: 线程2 <Thread(IotServer_Listen, started daemon 7476)>
[2023-03-14 23:44:09,206] [DEBUG]: 线程3 <Thread(IotServer_Receive_127.0.0.1:54834, started daemon 1960)>
[2023-03-14 23:44:09,207] [DEBUG]: 线程列表结束
[2023-03-14 23:44:09,207] [INFO]: 连接检查: 数量 1
[2023-03-14 23:44:09,207] [INFO]: 连接[127.0.0.1:54834]: 状态正常！
[2023-03-14 23:44:09,207] [INFO]: 连接检查完成: 存活连接数量 1
[2023-03-14 23:44:14,209] [DEBUG]: 线程列表: 数量 3
[2023-03-14 23:44:14,209] [DEBUG]: 线程1 <_MainThread(MainThread, started 13420)>
[2023-03-14 23:44:14,209] [DEBUG]: 线程2 <Thread(IotServer_Listen, started daemon 7476)>
[2023-03-14 23:44:14,209] [DEBUG]: 线程3 <Thread(IotServer_Receive_127.0.0.1:54834, started daemon 1960)>
[2023-03-14 23:44:14,209] [DEBUG]: 线程列表结束
[2023-03-14 23:44:14,210] [INFO]: 连接检查: 数量 1
[2023-03-14 23:44:14,210] [WARNING]: 连接[127.0.0.1:54834]: 存活超时！
[2023-03-14 23:44:14,210] [INFO]: 连接[127.0.0.1:54834]: 存活检查……
[2023-03-14 23:44:14,210] [INFO]: 发送成功 127.0.0.1:54834 -- b'D:OK'
[2023-03-14 23:44:14,210] [INFO]: 连接[127.0.0.1:54834]: 状态正常！
[2023-03-14 23:44:14,211] [INFO]: 连接检查完成: 存活连接数量 1
[2023-03-14 23:44:19,222] [DEBUG]: 线程列表: 数量 3
[2023-03-14 23:44:19,222] [DEBUG]: 线程1 <_MainThread(MainThread, started 13420)>
[2023-03-14 23:44:19,222] [DEBUG]: 线程2 <Thread(IotServer_Listen, started daemon 7476)>
[2023-03-14 23:44:19,223] [DEBUG]: 线程3 <Thread(IotServer_Receive_127.0.0.1:54834, started daemon 1960)>
[2023-03-14 23:44:19,223] [DEBUG]: 线程列表结束
[2023-03-14 23:44:19,223] [INFO]: 连接检查: 数量 1
[2023-03-14 23:44:19,223] [WARNING]: 连接[127.0.0.1:54834]: 存活超时！
[2023-03-14 23:44:19,223] [INFO]: 连接[127.0.0.1:54834]: 存活检查……
[2023-03-14 23:44:19,223] [INFO]: 发送成功 127.0.0.1:54834 -- b'D:OK'
[2023-03-14 23:44:19,223] [INFO]: 连接[127.0.0.1:54834]: 状态正常！
[2023-03-14 23:44:19,224] [INFO]: 连接检查完成: 存活连接数量 1
[2023-03-14 23:44:24,229] [DEBUG]: 线程列表: 数量 3
[2023-03-14 23:44:24,229] [DEBUG]: 线程1 <_MainThread(MainThread, started 13420)>
[2023-03-14 23:44:24,229] [DEBUG]: 线程2 <Thread(IotServer_Listen, started daemon 7476)>
[2023-03-14 23:44:24,229] [DEBUG]: 线程3 <Thread(IotServer_Receive_127.0.0.1:54834, started daemon 1960)>
[2023-03-14 23:44:24,230] [DEBUG]: 线程列表结束
[2023-03-14 23:44:24,230] [INFO]: 连接检查: 数量 1
[2023-03-14 23:44:24,230] [WARNING]: 连接[127.0.0.1:54834]: 存活超时！
[2023-03-14 23:44:24,230] [INFO]: 连接[127.0.0.1:54834]: 存活检查……
[2023-03-14 23:44:24,230] [INFO]: 发送成功 127.0.0.1:54834 -- b'D:OK'
[2023-03-14 23:44:24,230] [INFO]: 连接[127.0.0.1:54834]: 状态正常！
[2023-03-14 23:44:24,231] [INFO]: 连接检查完成: 存活连接数量 1
[2023-03-14 23:44:29,243] [DEBUG]: 线程列表: 数量 3
[2023-03-14 23:44:29,243] [DEBUG]: 线程1 <_MainThread(MainThread, started 13420)>
[2023-03-14 23:44:29,243] [DEBUG]: 线程2 <Thread(IotServer_Listen, started daemon 7476)>
[2023-03-14 23:44:29,243] [DEBUG]: 线程3 <Thread(IotServer_Receive_127.0.0.1:54834, started daemon 1960)>
[2023-03-14 23:44:29,244] [DEBUG]: 线程列表结束
[2023-03-14 23:44:29,244] [INFO]: 连接检查: 数量 1
[2023-03-14 23:44:29,244] [WARNING]: 连接[127.0.0.1:54834]: 存活超时！
[2023-03-14 23:44:29,244] [INFO]: 连接[127.0.0.1:54834]: 存活检查……
[2023-03-14 23:44:29,244] [INFO]: 发送成功 127.0.0.1:54834 -- b'D:OK'
[2023-03-14 23:44:29,244] [INFO]: 连接[127.0.0.1:54834]: 状态正常！
[2023-03-14 23:44:29,245] [INFO]: 连接检查完成: 存活连接数量 1
[2023-03-14 23:44:34,250] [DEBUG]: 线程列表: 数量 3
[2023-03-14 23:44:34,250] [DEBUG]: 线程1 <_MainThread(MainThread, started 13420)>
[2023-03-14 23:44:34,250] [DEBUG]: 线程2 <Thread(IotServer_Listen, started daemon 7476)>
[2023-03-14 23:44:34,250] [DEBUG]: 线程3 <Thread(IotServer_Receive_127.0.0.1:54834, started daemon 1960)>
[2023-03-14 23:44:34,250] [DEBUG]: 线程列表结束
[2023-03-14 23:44:34,251] [INFO]: 连接检查: 数量 1
[2023-03-14 23:44:34,251] [WARNING]: 连接[127.0.0.1:54834]: 存活超时！
[2023-03-14 23:44:34,251] [INFO]: 连接[127.0.0.1:54834]: 存活检查……
[2023-03-14 23:44:34,251] [INFO]: 发送成功 127.0.0.1:54834 -- b'D:OK'
[2023-03-14 23:44:34,251] [INFO]: 连接[127.0.0.1:54834]: 状态正常！
[2023-03-14 23:44:34,251] [INFO]: 连接检查完成: 存活连接数量 1
[2023-03-14 23:44:39,252] [DEBUG]: 线程列表: 数量 3
[2023-03-14 23:44:39,252] [DEBUG]: 线程1 <_MainThread(MainThread, started 13420)>
[2023-03-14 23:44:39,253] [DEBUG]: 线程2 <Thread(IotServer_Listen, started daemon 7476)>
[2023-03-14 23:44:39,253] [DEBUG]: 线程3 <Thread(IotServer_Receive_127.0.0.1:54834, started daemon 1960)>
[2023-03-14 23:44:39,253] [DEBUG]: 线程列表结束
[2023-03-14 23:44:39,253] [INFO]: 连接检查: 数量 1
[2023-03-14 23:44:39,253] [WARNING]: 连接[127.0.0.1:54834]: 存活超时！
[2023-03-14 23:44:39,254] [INFO]: 连接[127.0.0.1:54834]: 存活检查……
[2023-03-14 23:44:39,254] [INFO]: 发送成功 127.0.0.1:54834 -- b'D:OK'
[2023-03-14 23:44:39,254] [INFO]: 连接[127.0.0.1:54834]: 状态正常！
[2023-03-14 23:44:39,254] [INFO]: 连接检查完成: 存活连接数量 1
[2023-03-14 23:44:42,112] [ERROR]: 接收错误 127.0.0.1:54834 -- [WinError 10054] 远程主机强迫关闭了一个现有的连接。
[2023-03-14 23:44:44,262] [DEBUG]: 线程列表: 数量 2
[2023-03-14 23:44:44,262] [DEBUG]: 线程1 <_MainThread(MainThread, started 13420)>
[2023-03-14 23:44:44,262] [DEBUG]: 线程2 <Thread(IotServer_Listen, started daemon 7476)>
[2023-03-14 23:44:44,262] [DEBUG]: 线程列表结束
[2023-03-14 23:44:44,262] [INFO]: 连接检查: 数量 0
[2023-03-14 23:44:44,263] [INFO]: 连接检查完成: 存活连接数量 0
[2023-03-14 23:44:49,268] [DEBUG]: 线程列表: 数量 2
[2023-03-14 23:44:49,268] [DEBUG]: 线程1 <_MainThread(MainThread, started 13420)>
[2023-03-14 23:44:49,268] [DEBUG]: 线程2 <Thread(IotServer_Listen, started daemon 7476)>
[2023-03-14 23:44:49,268] [DEBUG]: 线程列表结束
[2023-03-14 23:44:49,268] [INFO]: 连接检查: 数量 0
[2023-03-14 23:44:49,268] [INFO]: 连接检查完成: 存活连接数量 0
[2023-03-14 23:44:54,271] [DEBUG]: 线程列表: 数量 2
[2023-03-14 23:44:54,271] [DEBUG]: 线程1 <_MainThread(MainThread, started 13420)>
[2023-03-14 23:44:54,271] [DEBUG]: 线程2 <Thread(IotServer_Listen, started daemon 7476)>
[2023-03-14 23:44:54,271] [DEBUG]: 线程列表结束
[2023-03-14 23:44:54,272] [INFO]: 连接检查: 数量 0
[2023-03-14 23:44:54,272] [INFO]: 连接检查完成: 存活连接数量 0
[2023-03-14 23:44:59,287] [DEBUG]: 线程列表: 数量 2
[2023-03-14 23:44:59,287] [DEBUG]: 线程1 <_MainThread(MainThread, started 13420)>
[2023-03-14 23:44:59,287] [DEBUG]: 线程2 <Thread(IotServer_Listen, started daemon 7476)>
[2023-03-14 23:44:59,287] [DEBUG]: 线程列表结束
[2023-03-14 23:44:59,288] [INFO]: 连接检查: 数量 0
[2023-03-14 23:44:59,288] [INFO]: 连接检查完成: 存活连接数量 0
[2023-03-14 23:45:04,288] [DEBUG]: 线程列表: 数量 2
[2023-03-14 23:45:04,288] [DEBUG]: 线程1 <_MainThread(MainThread, started 13420)>
[2023-03-14 23:45:04,288] [DEBUG]: 线程2 <Thread(IotServer_Listen, started daemon 7476)>
[2023-03-14 23:45:04,288] [DEBUG]: 线程列表结束
[2023-03-14 23:45:04,289] [INFO]: 连接检查: 数量 0
[2023-03-14 23:45:04,289] [INFO]: 连接检查完成: 存活连接数量 0
